#
# There is insufficient memory for the Java Runtime Environment to continue.
# Native memory allocation (malloc) failed to allocate 131088 bytes. Error detail: Chunk::new
# Possible reasons:
#   The system is out of physical RAM or swap space
#   This process is running with CompressedOops enabled, and the Java Heap may be blocking the growth of the native heap
# Possible solutions:
#   Reduce memory load on the system
#   Increase physical memory or swap space
#   Check if swap backing store is full
#   Decrease Java heap size (-Xmx/-Xms)
#   Decrease number of Java threads
#   Decrease Java thread stack sizes (-Xss)
#   Set larger code cache with -XX:ReservedCodeCacheSize=
#   JVM is running with Zero Based Compressed Oops mode in which the Java heap is
#     placed in the first 32GB address space. The Java Heap base address is the
#     maximum limit for the native heap growth. Please use -XX:HeapBaseMinAddress
#     to set the Java Heap base and to place the Java Heap above 32GB virtual address.
# This output file may be truncated or incomplete.
#
#  Out of Memory Error (arena.cpp:150), pid=5220, tid=15720
#
# JRE version: Java(TM) SE Runtime Environment (22.0.2+9) (build 22.0.2+9-70)
# Java VM: Java HotSpot(TM) 64-Bit Server VM (22.0.2+9-70, mixed mode, sharing, tiered, compressed oops, compressed class ptrs, g1 gc, windows-amd64)
# No core dump will be written. Minidumps are not enabled by default on client versions of Windows
#

---------------  S U M M A R Y ------------

Command Line: -XX:MaxMetaspaceSize=4G -XX:ReservedCodeCacheSize=512m -XX:+HeapDumpOnOutOfMemoryError --add-opens=java.base/java.util=ALL-UNNAMED --add-opens=java.base/java.lang=ALL-UNNAMED --add-opens=java.base/java.lang.invoke=ALL-UNNAMED --add-opens=java.prefs/java.util.prefs=ALL-UNNAMED --add-exports=jdk.compiler/com.sun.tools.javac.api=ALL-UNNAMED --add-exports=jdk.compiler/com.sun.tools.javac.util=ALL-UNNAMED --add-opens=java.base/java.nio.charset=ALL-UNNAMED --add-opens=java.base/java.net=ALL-UNNAMED --add-opens=java.base/java.util.concurrent.atomic=ALL-UNNAMED -Xmx8G -Dfile.encoding=utf8 -Duser.country=US -Duser.language=en -Duser.variant -javaagent:C:\Users\pc\.gradle\wrapper\dists\gradle-8.10.2-all\7iv73wktx1xtkvlq19urqw1wm\gradle-8.10.2\lib\agents\gradle-instrumentation-agent-8.10.2.jar org.gradle.launcher.daemon.bootstrap.GradleDaemon 8.10.2

Host: 11th Gen Intel(R) Core(TM) i5-1135G7 @ 2.40GHz, 8 cores, 7G,  Windows 11 , 64 bit Build 26100 (10.0.26100.3912)
Time: Tue May 20 15:44:54 2025 SE Asia Standard Time elapsed time: 81.217855 seconds (0d 0h 1m 21s)

---------------  T H R E A D  ---------------

Current thread (0x000002bf6bb88090):  JavaThread "C2 CompilerThread0" daemon [_thread_in_native, id=15720, stack(0x000000f2b3c00000,0x000000f2b3d00000) (1024K)]


Current CompileTask:
C2:81217 16705   !   4       org.gradle.internal.io.StreamByteBuffer::readAsCharBuffer (383 bytes)

Stack: [0x000000f2b3c00000,0x000000f2b3d00000]
Native frames: (J=compiled Java code, j=interpreted, Vv=VM code, C=native code)
V  [jvm.dll+0x6e26e9]  (no source info available)
V  [jvm.dll+0x875753]  (no source info available)
V  [jvm.dll+0x877b7e]  (no source info available)
V  [jvm.dll+0x878253]  (no source info available)
V  [jvm.dll+0x27fc86]  (no source info available)
V  [jvm.dll+0xc3d0f]  (no source info available)
V  [jvm.dll+0xc40fb]  (no source info available)
V  [jvm.dll+0xc3bbb]  (no source info available)
V  [jvm.dll+0x70a19f]  (no source info available)
V  [jvm.dll+0x398d41]  (no source info available)
V  [jvm.dll+0x3977c6]  (no source info available)
V  [jvm.dll+0x3978be]  (no source info available)
V  [jvm.dll+0x6f4826]  (no source info available)
V  [jvm.dll+0x6f2bd4]  (no source info available)
V  [jvm.dll+0x1c7e9c]  (no source info available)
V  [jvm.dll+0x1c8a1b]  (no source info available)
V  [jvm.dll+0x2f2e8f]  (no source info available)
V  [jvm.dll+0x6fd0f7]  (no source info available)
V  [jvm.dll+0x6f543f]  (no source info available)
V  [jvm.dll+0x6f49f7]  (no source info available)
V  [jvm.dll+0x6f2bd4]  (no source info available)
V  [jvm.dll+0x1c7e9c]  (no source info available)
V  [jvm.dll+0x246b0b]  (no source info available)
V  [jvm.dll+0x1c4e80]  (no source info available)
V  [jvm.dll+0x2568f3]  (no source info available)
V  [jvm.dll+0x254baa]  (no source info available)
V  [jvm.dll+0x3f57a6]  (no source info available)
V  [jvm.dll+0x81dc0b]  (no source info available)
V  [jvm.dll+0x6e0d85]  (no source info available)
C  [ucrtbase.dll+0x37b0]  (no source info available)
C  [KERNEL32.DLL+0x2e8d7]  (no source info available)
C  [ntdll.dll+0x9c5dc]  (no source info available)


---------------  P R O C E S S  ---------------

Threads class SMR info:
_java_thread_list=0x000002bfb6b3eb60, length=137, elements={
0x000002bf35ed2b80, 0x000002bf691d0c40, 0x000002bf691d17a0, 0x000002bf691db6f0,
0x000002bf691dc150, 0x000002bf691deb60, 0x000002bf691e0bd0, 0x000002bf6bb88090,
0x000002bf6bba9030, 0x000002bf6bc7fdf0, 0x000002bf6be0f0c0, 0x000002bfb298f350,
0x000002bfb28ae0d0, 0x000002bfb28acda0, 0x000002bfb27539a0, 0x000002bfb2774190,
0x000002bfb27791c0, 0x000002bfb2784180, 0x000002bfb2784ea0, 0x000002bfb2785530,
0x000002bfb27868e0, 0x000002bfb2785bc0, 0x000002bfb2784810, 0x000002bfb2786250,
0x000002bfb2783af0, 0x000002bfb19a7d00, 0x000002bfb19a8390, 0x000002bfb19a7670,
0x000002bfb19a55a0, 0x000002bfb19a6950, 0x000002bfb19a4f10, 0x000002bfb19a62c0,
0x000002bfb19a5c30, 0x000002bfb19a8a20, 0x000002bfb19a9740, 0x000002bfb19a9dd0,
0x000002bfb19a6fe0, 0x000002bfb19aaaf0, 0x000002bfb19ab180, 0x000002bfb19ab810,
0x000002bfb4425390, 0x000002bfb4425a20, 0x000002bfb4424670, 0x000002bfb4424d00,
0x000002bfb44260b0, 0x000002bfb4423fe0, 0x000002bfb4429bc0, 0x000002bfb4429530,
0x000002bfb4428180, 0x000002bfb4428810, 0x000002bfb442a250, 0x000002bfb4426dd0,
0x000002bfb442a8e0, 0x000002bfb442af70, 0x000002bfb4427af0, 0x000002bfb4428ea0,
0x000002bfb4adf6d0, 0x000002bfb4adcf70, 0x000002bfb4adfd60, 0x000002bfb4adf040,
0x000002bfb4ae03f0, 0x000002bfb4ae0a80, 0x000002bfb4ae1110, 0x000002bfb4ade320,
0x000002bfb4ae24c0, 0x000002bfb4ae2b50, 0x000002bfb4ae31e0, 0x000002bfb4ae4590,
0x000002bfb4ae3870, 0x000002bfb4ae3f00, 0x000002bfb19a90b0, 0x000002bfb5952e20,
0x000002bfb5955580, 0x000002bfb5952790, 0x000002bfb59541d0, 0x000002bfb5954860,
0x000002bfb5952100, 0x000002bfb5954ef0, 0x000002bfb5955c10, 0x000002bfb59562a0,
0x000002bfb5956930, 0x000002bfb59534b0, 0x000002bfb5956fc0, 0x000002bfb5953b40,
0x000002bfb5957650, 0x000002bfb5957ce0, 0x000002bfb5959720, 0x000002bfb5958370,
0x000002bfb5958a00, 0x000002bfb5959090, 0x000002bfb7d314e0, 0x000002bfb7d307c0,
0x000002bfb7d2e060, 0x000002bfb7d31b70, 0x000002bfb7d30e50, 0x000002bfb7d30130,
0x000002bfb7d2ed80, 0x000002bfb7d2faa0, 0x000002bfb7d2e6f0, 0x000002bfb7d2f410,
0x000002bfb7d34960, 0x000002bfb7d335b0, 0x000002bfb7d32f20, 0x000002bfb7d32890,
0x000002bfb7d342d0, 0x000002bfb7d33c40, 0x000002bfb7d34ff0, 0x000002bfb7d35680,
0x000002bfb7d32200, 0x000002bfb3e66df0, 0x000002bfb3e64d20, 0x000002bfb3e65a40,
0x000002bfb3e660d0, 0x000002bfb3e67480, 0x000002bfb3e653b0, 0x000002bfb3e67b10,
0x000002bfb3e66760, 0x000002bfb3e64690, 0x000002bfb3e69be0, 0x000002bfb3e68ec0,
0x000002bfb3e6a900, 0x000002bfb3e6bcb0, 0x000002bfb3e6af90, 0x000002bfb3e68830,
0x000002bfb4174db0, 0x000002bfb4173a00, 0x000002bfb4174090, 0x000002bfb4173370,
0x000002bfb4174720, 0x000002bfb4177510, 0x000002bfb41767f0, 0x000002bfb4176e80,
0x000002bfb780e040, 0x000002bfb7810110, 0x000002bfb417a300, 0x000002bfb5943ac0,
0x000002bfb5942710
}

Java Threads: ( => current thread )
  0x000002bf35ed2b80 JavaThread "main"                              [_thread_blocked, id=10228, stack(0x000000f2b2e00000,0x000000f2b2f00000) (1024K)]
  0x000002bf691d0c40 JavaThread "Reference Handler"          daemon [_thread_blocked, id=11736, stack(0x000000f2b3600000,0x000000f2b3700000) (1024K)]
  0x000002bf691d17a0 JavaThread "Finalizer"                  daemon [_thread_blocked, id=6240, stack(0x000000f2b3700000,0x000000f2b3800000) (1024K)]
  0x000002bf691db6f0 JavaThread "Signal Dispatcher"          daemon [_thread_blocked, id=1260, stack(0x000000f2b3800000,0x000000f2b3900000) (1024K)]
  0x000002bf691dc150 JavaThread "Attach Listener"            daemon [_thread_blocked, id=19184, stack(0x000000f2b3900000,0x000000f2b3a00000) (1024K)]
  0x000002bf691deb60 JavaThread "Service Thread"             daemon [_thread_blocked, id=10664, stack(0x000000f2b3a00000,0x000000f2b3b00000) (1024K)]
  0x000002bf691e0bd0 JavaThread "Monitor Deflation Thread"   daemon [_thread_blocked, id=15760, stack(0x000000f2b3b00000,0x000000f2b3c00000) (1024K)]
=>0x000002bf6bb88090 JavaThread "C2 CompilerThread0"         daemon [_thread_in_native, id=15720, stack(0x000000f2b3c00000,0x000000f2b3d00000) (1024K)]
  0x000002bf6bba9030 JavaThread "C1 CompilerThread0"         daemon [_thread_blocked, id=18552, stack(0x000000f2b3d00000,0x000000f2b3e00000) (1024K)]
  0x000002bf6bc7fdf0 JavaThread "Common-Cleaner"             daemon [_thread_blocked, id=14200, stack(0x000000f2b3e00000,0x000000f2b3f00000) (1024K)]
  0x000002bf6be0f0c0 JavaThread "Notification Thread"        daemon [_thread_blocked, id=17432, stack(0x000000f2b4000000,0x000000f2b4100000) (1024K)]
  0x000002bfb298f350 JavaThread "Daemon health stats"               [_thread_blocked, id=10216, stack(0x000000f2b4500000,0x000000f2b4600000) (1024K)]
  0x000002bfb28ae0d0 JavaThread "Incoming local TCP Connector on port 63855"        [_thread_in_native, id=15820, stack(0x000000f2b4600000,0x000000f2b4700000) (1024K)]
  0x000002bfb28acda0 JavaThread "Daemon periodic checks"            [_thread_blocked, id=10668, stack(0x000000f2b4700000,0x000000f2b4800000) (1024K)]
  0x000002bfb27539a0 JavaThread "Daemon"                            [_thread_blocked, id=2208, stack(0x000000f2b4800000,0x000000f2b4900000) (1024K)]
  0x000002bfb2774190 JavaThread "Handler for socket connection from /127.0.0.1:63855 to /127.0.0.1:63856"        [_thread_in_native, id=5544, stack(0x000000f2b4900000,0x000000f2b4a00000) (1024K)]
  0x000002bfb27791c0 JavaThread "Cancel handler"                    [_thread_blocked, id=20312, stack(0x000000f2b4a00000,0x000000f2b4b00000) (1024K)]
  0x000002bfb2784180 JavaThread "Daemon worker"                     [_thread_blocked, id=10520, stack(0x000000f2b4b00000,0x000000f2b4c00000) (1024K)]
  0x000002bfb2784ea0 JavaThread "Asynchronous log dispatcher for DefaultDaemonConnection: socket connection from /127.0.0.1:63855 to /127.0.0.1:63856"        [_thread_in_native, id=19300, stack(0x000000f2b4c00000,0x000000f2b4d00000) (1024K)]
  0x000002bfb2785530 JavaThread "Stdin handler"                     [_thread_blocked, id=1220, stack(0x000000f2b4d00000,0x000000f2b4e00000) (1024K)]
  0x000002bfb27868e0 JavaThread "Daemon client event forwarder"        [_thread_blocked, id=6364, stack(0x000000f2b4e00000,0x000000f2b4f00000) (1024K)]
  0x000002bfb2785bc0 JavaThread "Cache worker for journal cache (C:\Users\pc\.gradle\caches\journal-1)"        [_thread_blocked, id=3684, stack(0x000000f2b4100000,0x000000f2b4200000) (1024K)]
  0x000002bfb2784810 JavaThread "File lock request listener"        [_thread_in_native, id=15216, stack(0x000000f2b5200000,0x000000f2b5300000) (1024K)]
  0x000002bfb2786250 JavaThread "Cache worker for file hash cache (C:\Users\pc\.gradle\caches\8.10.2\fileHashes)"        [_thread_blocked, id=13584, stack(0x000000f2b5300000,0x000000f2b5400000) (1024K)]
  0x000002bfb2783af0 JavaThread "Cache worker for file hash cache (C:\Users\pc\Downloads\Flutter NodeJS\mobile_app\android\.gradle\8.10.2\fileHashes)"        [_thread_blocked, id=10264, stack(0x000000f2b5600000,0x000000f2b5700000) (1024K)]
  0x000002bfb19a7d00 JavaThread "Cache worker for Build Output Cleanup Cache (C:\Users\pc\Downloads\Flutter NodeJS\mobile_app\android\.gradle\buildOutputCleanup)"        [_thread_blocked, id=20000, stack(0x000000f2b5700000,0x000000f2b5800000) (1024K)]
  0x000002bfb19a8390 JavaThread "File watcher server"        daemon [_thread_in_native, id=18588, stack(0x000000f2b5800000,0x000000f2b5900000) (1024K)]
  0x000002bfb19a7670 JavaThread "File watcher consumer"      daemon [_thread_blocked, id=12640, stack(0x000000f2b5900000,0x000000f2b5a00000) (1024K)]
  0x000002bfb19a55a0 JavaThread "jar transforms"                    [_thread_blocked, id=15340, stack(0x000000f2b5a00000,0x000000f2b5b00000) (1024K)]
  0x000002bfb19a6950 JavaThread "jar transforms Thread 2"           [_thread_blocked, id=1208, stack(0x000000f2b5b00000,0x000000f2b5c00000) (1024K)]
  0x000002bfb19a4f10 JavaThread "jar transforms Thread 3"           [_thread_blocked, id=13256, stack(0x000000f2b5c00000,0x000000f2b5d00000) (1024K)]
  0x000002bfb19a62c0 JavaThread "Cache worker for checksums cache (C:\Users\pc\Downloads\Flutter NodeJS\mobile_app\android\.gradle\8.10.2\checksums)"        [_thread_blocked, id=10196, stack(0x000000f2b5d00000,0x000000f2b5e00000) (1024K)]
  0x000002bfb19a5c30 JavaThread "Cache worker for file content cache (C:\Users\pc\.gradle\caches\8.10.2\fileContent)"        [_thread_blocked, id=18648, stack(0x000000f2b5e00000,0x000000f2b5f00000) (1024K)]
  0x000002bfb19a8a20 JavaThread "Cache worker for cache directory md-rule (C:\Users\pc\.gradle\caches\8.10.2\md-rule)"        [_thread_blocked, id=11156, stack(0x000000f2b5f00000,0x000000f2b6000000) (1024K)]
  0x000002bfb19a9740 JavaThread "Cache worker for cache directory md-supplier (C:\Users\pc\.gradle\caches\8.10.2\md-supplier)"        [_thread_blocked, id=15860, stack(0x000000f2b6000000,0x000000f2b6100000) (1024K)]
  0x000002bfb19a9dd0 JavaThread "jar transforms Thread 4"           [_thread_blocked, id=2944, stack(0x000000f2b6100000,0x000000f2b6200000) (1024K)]
  0x000002bfb19a6fe0 JavaThread "jar transforms Thread 5"           [_thread_blocked, id=13128, stack(0x000000f2b6200000,0x000000f2b6300000) (1024K)]
  0x000002bfb19aaaf0 JavaThread "jar transforms Thread 6"           [_thread_blocked, id=14484, stack(0x000000f2b6400000,0x000000f2b6500000) (1024K)]
  0x000002bfb19ab180 JavaThread "jar transforms Thread 7"           [_thread_blocked, id=7252, stack(0x000000f2b6500000,0x000000f2b6600000) (1024K)]
  0x000002bfb19ab810 JavaThread "jar transforms Thread 8"           [_thread_blocked, id=17308, stack(0x000000f2b6600000,0x000000f2b6700000) (1024K)]
  0x000002bfb4425390 JavaThread "Cache worker for Build Output Cleanup Cache (C:\Program Files\flutter\packages\flutter_tools\gradle\.gradle\buildOutputCleanup)"        [_thread_blocked, id=17004, stack(0x000000f2b6700000,0x000000f2b6800000) (1024K)]
  0x000002bfb4425a20 JavaThread "Unconstrained build operations"        [_thread_blocked, id=7820, stack(0x000000f2b6800000,0x000000f2b6900000) (1024K)]
  0x000002bfb4424670 JavaThread "Unconstrained build operations Thread 2"        [_thread_blocked, id=16816, stack(0x000000f2b6900000,0x000000f2b6a00000) (1024K)]
  0x000002bfb4424d00 JavaThread "Unconstrained build operations Thread 3"        [_thread_blocked, id=20128, stack(0x000000f2b6a00000,0x000000f2b6b00000) (1024K)]
  0x000002bfb44260b0 JavaThread "Unconstrained build operations Thread 4"        [_thread_blocked, id=1160, stack(0x000000f2b6b00000,0x000000f2b6c00000) (1024K)]
  0x000002bfb4423fe0 JavaThread "Unconstrained build operations Thread 5"        [_thread_blocked, id=5984, stack(0x000000f2b6c00000,0x000000f2b6d00000) (1024K)]
  0x000002bfb4429bc0 JavaThread "Unconstrained build operations Thread 6"        [_thread_blocked, id=6408, stack(0x000000f2b6d00000,0x000000f2b6e00000) (1024K)]
  0x000002bfb4429530 JavaThread "Unconstrained build operations Thread 7"        [_thread_blocked, id=17708, stack(0x000000f2b6e00000,0x000000f2b6f00000) (1024K)]
  0x000002bfb4428180 JavaThread "Unconstrained build operations Thread 8"        [_thread_blocked, id=20476, stack(0x000000f2b6f00000,0x000000f2b7000000) (1024K)]
  0x000002bfb4428810 JavaThread "Unconstrained build operations Thread 9"        [_thread_blocked, id=13772, stack(0x000000f2b7000000,0x000000f2b7100000) (1024K)]
  0x000002bfb442a250 JavaThread "Unconstrained build operations Thread 10"        [_thread_blocked, id=15024, stack(0x000000f2b7100000,0x000000f2b7200000) (1024K)]
  0x000002bfb4426dd0 JavaThread "Unconstrained build operations Thread 11"        [_thread_blocked, id=3252, stack(0x000000f2b7200000,0x000000f2b7300000) (1024K)]
  0x000002bfb442a8e0 JavaThread "Unconstrained build operations Thread 12"        [_thread_blocked, id=7632, stack(0x000000f2b7300000,0x000000f2b7400000) (1024K)]
  0x000002bfb442af70 JavaThread "Unconstrained build operations Thread 13"        [_thread_blocked, id=9224, stack(0x000000f2b7400000,0x000000f2b7500000) (1024K)]
  0x000002bfb4427af0 JavaThread "Unconstrained build operations Thread 14"        [_thread_blocked, id=19196, stack(0x000000f2b7500000,0x000000f2b7600000) (1024K)]
  0x000002bfb4428ea0 JavaThread "Unconstrained build operations Thread 15"        [_thread_blocked, id=16164, stack(0x000000f2b7600000,0x000000f2b7700000) (1024K)]
  0x000002bfb4adf6d0 JavaThread "Unconstrained build operations Thread 16"        [_thread_blocked, id=19868, stack(0x000000f2b7700000,0x000000f2b7800000) (1024K)]
  0x000002bfb4adcf70 JavaThread "Unconstrained build operations Thread 17"        [_thread_blocked, id=20320, stack(0x000000f2b7800000,0x000000f2b7900000) (1024K)]
  0x000002bfb4adfd60 JavaThread "Unconstrained build operations Thread 18"        [_thread_blocked, id=3484, stack(0x000000f2b7900000,0x000000f2b7a00000) (1024K)]
  0x000002bfb4adf040 JavaThread "Unconstrained build operations Thread 19"        [_thread_blocked, id=19604, stack(0x000000f2b7a00000,0x000000f2b7b00000) (1024K)]
  0x000002bfb4ae03f0 JavaThread "Unconstrained build operations Thread 20"        [_thread_blocked, id=10092, stack(0x000000f2b7b00000,0x000000f2b7c00000) (1024K)]
  0x000002bfb4ae0a80 JavaThread "Unconstrained build operations Thread 21"        [_thread_blocked, id=10524, stack(0x000000f2b7c00000,0x000000f2b7d00000) (1024K)]
  0x000002bfb4ae1110 JavaThread "Memory manager"                    [_thread_blocked, id=19128, stack(0x000000f2b7d00000,0x000000f2b7e00000) (1024K)]
  0x000002bfb4ade320 JavaThread "build event listener"              [_thread_blocked, id=16824, stack(0x000000f2b7e00000,0x000000f2b7f00000) (1024K)]
  0x000002bfb4ae24c0 JavaThread "included builds"                   [_thread_blocked, id=9456, stack(0x000000f2b7f00000,0x000000f2b8000000) (1024K)]
  0x000002bfb4ae2b50 JavaThread "Execution worker"                  [_thread_blocked, id=11060, stack(0x000000f2b8000000,0x000000f2b8100000) (1024K)]
  0x000002bfb4ae31e0 JavaThread "Execution worker Thread 2"         [_thread_blocked, id=5316, stack(0x000000f2b8100000,0x000000f2b8200000) (1024K)]
  0x000002bfb4ae4590 JavaThread "Execution worker Thread 3"         [_thread_blocked, id=14204, stack(0x000000f2b8200000,0x000000f2b8300000) (1024K)]
  0x000002bfb4ae3870 JavaThread "Execution worker Thread 4"         [_thread_blocked, id=3220, stack(0x000000f2b8300000,0x000000f2b8400000) (1024K)]
  0x000002bfb4ae3f00 JavaThread "Execution worker Thread 5"         [_thread_blocked, id=17988, stack(0x000000f2b8400000,0x000000f2b8500000) (1024K)]
  0x000002bfb19a90b0 JavaThread "Execution worker Thread 6"         [_thread_blocked, id=2176, stack(0x000000f2b8500000,0x000000f2b8600000) (1024K)]
  0x000002bfb5952e20 JavaThread "Execution worker Thread 7"         [_thread_blocked, id=13376, stack(0x000000f2b8600000,0x000000f2b8700000) (1024K)]
  0x000002bfb5955580 JavaThread "Cache worker for execution history cache (C:\Program Files\flutter\packages\flutter_tools\gradle\.gradle\8.10.2\executionHistory)"        [_thread_blocked, id=3064, stack(0x000000f2b8700000,0x000000f2b8800000) (1024K)]
  0x000002bfb5952790 JavaThread "Unconstrained build operations Thread 22"        [_thread_blocked, id=12104, stack(0x000000f2b8800000,0x000000f2b8900000) (1024K)]
  0x000002bfb59541d0 JavaThread "Unconstrained build operations Thread 23"        [_thread_blocked, id=4036, stack(0x000000f2b8900000,0x000000f2b8a00000) (1024K)]
  0x000002bfb5954860 JavaThread "Unconstrained build operations Thread 24"        [_thread_blocked, id=19872, stack(0x000000f2b8a00000,0x000000f2b8b00000) (1024K)]
  0x000002bfb5952100 JavaThread "Unconstrained build operations Thread 25"        [_thread_blocked, id=17140, stack(0x000000f2b8b00000,0x000000f2b8c00000) (1024K)]
  0x000002bfb5954ef0 JavaThread "Unconstrained build operations Thread 26"        [_thread_blocked, id=12532, stack(0x000000f2b8c00000,0x000000f2b8d00000) (1024K)]
  0x000002bfb5955c10 JavaThread "Unconstrained build operations Thread 27"        [_thread_blocked, id=20032, stack(0x000000f2b8d00000,0x000000f2b8e00000) (1024K)]
  0x000002bfb59562a0 JavaThread "Unconstrained build operations Thread 28"        [_thread_blocked, id=9380, stack(0x000000f2b8e00000,0x000000f2b8f00000) (1024K)]
  0x000002bfb5956930 JavaThread "Unconstrained build operations Thread 29"        [_thread_blocked, id=9744, stack(0x000000f2b8f00000,0x000000f2b9000000) (1024K)]
  0x000002bfb59534b0 JavaThread "Unconstrained build operations Thread 30"        [_thread_blocked, id=6116, stack(0x000000f2b9000000,0x000000f2b9100000) (1024K)]
  0x000002bfb5956fc0 JavaThread "Unconstrained build operations Thread 31"        [_thread_blocked, id=19416, stack(0x000000f2b9100000,0x000000f2b9200000) (1024K)]
  0x000002bfb5953b40 JavaThread "Unconstrained build operations Thread 32"        [_thread_blocked, id=7188, stack(0x000000f2b9200000,0x000000f2b9300000) (1024K)]
  0x000002bfb5957650 JavaThread "Unconstrained build operations Thread 33"        [_thread_blocked, id=9624, stack(0x000000f2b9300000,0x000000f2b9400000) (1024K)]
  0x000002bfb5957ce0 JavaThread "Unconstrained build operations Thread 34"        [_thread_blocked, id=19292, stack(0x000000f2b9400000,0x000000f2b9500000) (1024K)]
  0x000002bfb5959720 JavaThread "Unconstrained build operations Thread 35"        [_thread_blocked, id=16612, stack(0x000000f2b9500000,0x000000f2b9600000) (1024K)]
  0x000002bfb5958370 JavaThread "Unconstrained build operations Thread 36"        [_thread_blocked, id=6188, stack(0x000000f2b9600000,0x000000f2b9700000) (1024K)]
  0x000002bfb5958a00 JavaThread "Unconstrained build operations Thread 37"        [_thread_blocked, id=12748, stack(0x000000f2b9700000,0x000000f2b9800000) (1024K)]
  0x000002bfb5959090 JavaThread "Unconstrained build operations Thread 38"        [_thread_blocked, id=15660, stack(0x000000f2b9800000,0x000000f2b9900000) (1024K)]
  0x000002bfb7d314e0 JavaThread "Unconstrained build operations Thread 39"        [_thread_blocked, id=12972, stack(0x000000f2b9900000,0x000000f2b9a00000) (1024K)]
  0x000002bfb7d307c0 JavaThread "Unconstrained build operations Thread 40"        [_thread_blocked, id=4220, stack(0x000000f2b9a00000,0x000000f2b9b00000) (1024K)]
  0x000002bfb7d2e060 JavaThread "Unconstrained build operations Thread 41"        [_thread_blocked, id=8172, stack(0x000000f2b9b00000,0x000000f2b9c00000) (1024K)]
  0x000002bfb7d31b70 JavaThread "Unconstrained build operations Thread 42"        [_thread_blocked, id=6104, stack(0x000000f2b9c00000,0x000000f2b9d00000) (1024K)]
  0x000002bfb7d30e50 JavaThread "Unconstrained build operations Thread 43"        [_thread_blocked, id=10892, stack(0x000000f2b9d00000,0x000000f2b9e00000) (1024K)]
  0x000002bfb7d30130 JavaThread "Unconstrained build operations Thread 44"        [_thread_blocked, id=19912, stack(0x000000f2b9e00000,0x000000f2b9f00000) (1024K)]
  0x000002bfb7d2ed80 JavaThread "Unconstrained build operations Thread 45"        [_thread_blocked, id=18300, stack(0x000000f2b9f00000,0x000000f2ba000000) (1024K)]
  0x000002bfb7d2faa0 JavaThread "Unconstrained build operations Thread 46"        [_thread_blocked, id=16912, stack(0x000000f2ba000000,0x000000f2ba100000) (1024K)]
  0x000002bfb7d2e6f0 JavaThread "Unconstrained build operations Thread 47"        [_thread_blocked, id=4772, stack(0x000000f2b6300000,0x000000f2b6400000) (1024K)]
  0x000002bfb7d2f410 JavaThread "Unconstrained build operations Thread 48"        [_thread_blocked, id=14776, stack(0x000000f2ba100000,0x000000f2ba200000) (1024K)]
  0x000002bfb7d34960 JavaThread "Unconstrained build operations Thread 49"        [_thread_blocked, id=2168, stack(0x000000f2ba200000,0x000000f2ba300000) (1024K)]
  0x000002bfb7d335b0 JavaThread "Unconstrained build operations Thread 50"        [_thread_blocked, id=14916, stack(0x000000f2ba300000,0x000000f2ba400000) (1024K)]
  0x000002bfb7d32f20 JavaThread "Unconstrained build operations Thread 51"        [_thread_blocked, id=13352, stack(0x000000f2ba400000,0x000000f2ba500000) (1024K)]
  0x000002bfb7d32890 JavaThread "Unconstrained build operations Thread 52"        [_thread_blocked, id=14072, stack(0x000000f2ba500000,0x000000f2ba600000) (1024K)]
  0x000002bfb7d342d0 JavaThread "Unconstrained build operations Thread 53"        [_thread_blocked, id=15400, stack(0x000000f2ba600000,0x000000f2ba700000) (1024K)]
  0x000002bfb7d33c40 JavaThread "Unconstrained build operations Thread 54"        [_thread_blocked, id=9324, stack(0x000000f2ba700000,0x000000f2ba800000) (1024K)]
  0x000002bfb7d34ff0 JavaThread "Unconstrained build operations Thread 55"        [_thread_blocked, id=1980, stack(0x000000f2ba800000,0x000000f2ba900000) (1024K)]
  0x000002bfb7d35680 JavaThread "Unconstrained build operations Thread 56"        [_thread_blocked, id=3308, stack(0x000000f2ba900000,0x000000f2baa00000) (1024K)]
  0x000002bfb7d32200 JavaThread "Unconstrained build operations Thread 57"        [_thread_blocked, id=18692, stack(0x000000f2baa00000,0x000000f2bab00000) (1024K)]
  0x000002bfb3e66df0 JavaThread "Unconstrained build operations Thread 58"        [_thread_blocked, id=10956, stack(0x000000f2bab00000,0x000000f2bac00000) (1024K)]
  0x000002bfb3e64d20 JavaThread "Unconstrained build operations Thread 59"        [_thread_blocked, id=6180, stack(0x000000f2bac00000,0x000000f2bad00000) (1024K)]
  0x000002bfb3e65a40 JavaThread "Unconstrained build operations Thread 60"        [_thread_blocked, id=2276, stack(0x000000f2bad00000,0x000000f2bae00000) (1024K)]
  0x000002bfb3e660d0 JavaThread "Unconstrained build operations Thread 61"        [_thread_blocked, id=13880, stack(0x000000f2bae00000,0x000000f2baf00000) (1024K)]
  0x000002bfb3e67480 JavaThread "Unconstrained build operations Thread 62"        [_thread_blocked, id=9944, stack(0x000000f2baf00000,0x000000f2bb000000) (1024K)]
  0x000002bfb3e653b0 JavaThread "Unconstrained build operations Thread 63"        [_thread_blocked, id=5404, stack(0x000000f2bb000000,0x000000f2bb100000) (1024K)]
  0x000002bfb3e67b10 JavaThread "Unconstrained build operations Thread 64"        [_thread_blocked, id=20232, stack(0x000000f2bb100000,0x000000f2bb200000) (1024K)]
  0x000002bfb3e66760 JavaThread "Unconstrained build operations Thread 65"        [_thread_blocked, id=392, stack(0x000000f2bb200000,0x000000f2bb300000) (1024K)]
  0x000002bfb3e64690 JavaThread "Unconstrained build operations Thread 66"        [_thread_blocked, id=7932, stack(0x000000f2bb300000,0x000000f2bb400000) (1024K)]
  0x000002bfb3e69be0 JavaThread "Unconstrained build operations Thread 67"        [_thread_blocked, id=9512, stack(0x000000f2bb400000,0x000000f2bb500000) (1024K)]
  0x000002bfb3e68ec0 JavaThread "Unconstrained build operations Thread 68"        [_thread_blocked, id=7428, stack(0x000000f2bb500000,0x000000f2bb600000) (1024K)]
  0x000002bfb3e6a900 JavaThread "Unconstrained build operations Thread 69"        [_thread_blocked, id=15420, stack(0x000000f2bb600000,0x000000f2bb700000) (1024K)]
  0x000002bfb3e6bcb0 JavaThread "Unconstrained build operations Thread 70"        [_thread_blocked, id=7904, stack(0x000000f2bb700000,0x000000f2bb800000) (1024K)]
  0x000002bfb3e6af90 JavaThread "Unconstrained build operations Thread 71"        [_thread_blocked, id=15076, stack(0x000000f2bb800000,0x000000f2bb900000) (1024K)]
  0x000002bfb3e68830 JavaThread "Unconstrained build operations Thread 72"        [_thread_blocked, id=4084, stack(0x000000f2bb900000,0x000000f2bba00000) (1024K)]
  0x000002bfb4174db0 JavaThread "Unconstrained build operations Thread 73"        [_thread_blocked, id=4240, stack(0x000000f2bba00000,0x000000f2bbb00000) (1024K)]
  0x000002bfb4173a00 JavaThread "Unconstrained build operations Thread 74"        [_thread_blocked, id=18536, stack(0x000000f2bbb00000,0x000000f2bbc00000) (1024K)]
  0x000002bfb4174090 JavaThread "Unconstrained build operations Thread 75"        [_thread_blocked, id=12568, stack(0x000000f2bbc00000,0x000000f2bbd00000) (1024K)]
  0x000002bfb4173370 JavaThread "Unconstrained build operations Thread 76"        [_thread_blocked, id=19200, stack(0x000000f2bbd00000,0x000000f2bbe00000) (1024K)]
  0x000002bfb4174720 JavaThread "Unconstrained build operations Thread 77"        [_thread_blocked, id=3812, stack(0x000000f2bbe00000,0x000000f2bbf00000) (1024K)]
  0x000002bfb4177510 JavaThread "Unconstrained build operations Thread 78"        [_thread_blocked, id=2072, stack(0x000000f2bbf00000,0x000000f2bc000000) (1024K)]
  0x000002bfb41767f0 JavaThread "Unconstrained build operations Thread 79"        [_thread_blocked, id=4140, stack(0x000000f2bc000000,0x000000f2bc100000) (1024K)]
  0x000002bfb4176e80 JavaThread "Unconstrained build operations Thread 80"        [_thread_blocked, id=6988, stack(0x000000f2bc100000,0x000000f2bc200000) (1024K)]
  0x000002bfb780e040 JavaThread "Cache worker for execution history cache (C:\Users\pc\Downloads\Flutter NodeJS\mobile_app\android\.gradle\8.10.2\executionHistory)"        [_thread_blocked, id=10148, stack(0x000000f2b5400000,0x000000f2b5500000) (1024K)]
  0x000002bfb7810110 JavaThread "Exec process"                      [_thread_in_native, id=11828, stack(0x000000f2bc200000,0x000000f2bc300000) (1024K)]
  0x000002bfb417a300 JavaThread "Exec process Thread 2"             [_thread_in_vm, id=16856, stack(0x000000f2bc300000,0x000000f2bc400000) (1024K)]
  0x000002bfb5943ac0 JavaThread "Exec process Thread 3"             [_thread_in_native, id=9384, stack(0x000000f2bc400000,0x000000f2bc500000) (1024K)]
  0x000002bfb5942710 JavaThread "File lock release action executor"        [_thread_blocked, id=1380, stack(0x000000f2b2b00000,0x000000f2b2c00000) (1024K)]
Total: 137

Other Threads:
  0x000002bf691b1a40 VMThread "VM Thread"                           [id=17476, stack(0x000000f2b3500000,0x000000f2b3600000) (1024K)]
  0x000002bf69196c90 WatcherThread "VM Periodic Task Thread"        [id=11368, stack(0x000000f2b3400000,0x000000f2b3500000) (1024K)]
  0x000002bf35f7b3d0 WorkerThread "GC Thread#0"                     [id=17788, stack(0x000000f2b2f00000,0x000000f2b3000000) (1024K)]
  0x000002bf691b0f30 WorkerThread "GC Thread#1"                     [id=900, stack(0x000000f2b4200000,0x000000f2b4300000) (1024K)]
  0x000002bf691b1df0 WorkerThread "GC Thread#2"                     [id=8436, stack(0x000000f2b4300000,0x000000f2b4400000) (1024K)]
  0x000002bf691b0420 WorkerThread "GC Thread#3"                     [id=5700, stack(0x000000f2b4400000,0x000000f2b4500000) (1024K)]
  0x000002bf691b1690 WorkerThread "GC Thread#4"                     [id=4352, stack(0x000000f2b3f00000,0x000000f2b4000000) (1024K)]
  0x000002bfb252db60 WorkerThread "GC Thread#5"                     [id=14080, stack(0x000000f2b4f00000,0x000000f2b5000000) (1024K)]
  0x000002bfb252c190 WorkerThread "GC Thread#6"                     [id=7280, stack(0x000000f2b5000000,0x000000f2b5100000) (1024K)]
  0x000002bfb252ba30 WorkerThread "GC Thread#7"                     [id=19976, stack(0x000000f2b5100000,0x000000f2b5200000) (1024K)]
  0x000002bf35f8d1f0 ConcurrentGCThread "G1 Main Marker"            [id=15804, stack(0x000000f2b3000000,0x000000f2b3100000) (1024K)]
  0x000002bf68ff1390 WorkerThread "G1 Conc#0"                       [id=14696, stack(0x000000f2b3100000,0x000000f2b3200000) (1024K)]
  0x000002bfb252edd0 WorkerThread "G1 Conc#1"                       [id=14740, stack(0x000000f2b5500000,0x000000f2b5600000) (1024K)]
  0x000002bf690694b0 ConcurrentGCThread "G1 Refine#0"               [id=13304, stack(0x000000f2b3200000,0x000000f2b3300000) (1024K)]
  0x000002bf6906be00 ConcurrentGCThread "G1 Service"                [id=6984, stack(0x000000f2b3300000,0x000000f2b3400000) (1024K)]
Total: 15

Threads with active compile tasks:
C2 CompilerThread0  81373 16705   !   4       org.gradle.internal.io.StreamByteBuffer::readAsCharBuffer (383 bytes)
Total: 1

VM state: not at safepoint (normal execution)

VM Mutex/Monitor currently owned by a thread: None

Heap address: 0x0000000600000000, size: 8192 MB, Compressed Oops mode: Zero based, Oop shift amount: 3

CDS archive(s) mapped at: [0x000002bf6c000000-0x000002bf6cc60000-0x000002bf6cc60000), size 12976128, SharedBaseAddress: 0x000002bf6c000000, ArchiveRelocationMode: 1.
Compressed class space mapped at: 0x000002bf6d000000-0x000002bfad000000, reserved size: 1073741824
Narrow klass base: 0x000002bf6c000000, Narrow klass shift: 0, Narrow klass range: 0x41000000

GC Precious Log:
 CardTable entry size: 512
 Card Set container configuration: InlinePtr #cards 4 size 8 Array Of Cards #cards 32 size 80 Howl #buckets 8 coarsen threshold 7372 Howl Bitmap #cards 1024 size 144 coarsen threshold 921 Card regions per heap region 1 cards per card region 8192
 CPUs: 8 total, 8 available
 Memory: 7975M
 Large Page Support: Disabled
 NUMA Support: Disabled
 Compressed Oops: Enabled (Zero based)
 Heap Region Size: 4M
 Heap Min Capacity: 8M
 Heap Initial Capacity: 128M
 Heap Max Capacity: 8G
 Pre-touch: Disabled
 Parallel Workers: 8
 Concurrent Workers: 2
 Concurrent Refinement Workers: 8
 Periodic GC: Disabled

Heap:
 garbage-first heap   total reserved 8388608K, committed 344064K, used 266601K [0x0000000600000000, 0x0000000800000000)
  region size 4096K, 19 young (77824K), 2 survivors (8192K)
 Metaspace       used 113267K, committed 115968K, reserved 1179648K
  class space    used 16324K, committed 17600K, reserved 1048576K

Heap Regions: E=young(eden), S=young(survivor), O=old, HS=humongous(starts), HC=humongous(continues), CS=collection set, F=free, TAMS=top-at-mark-start, PB=parsable bottom
|   0|0x0000000600000000, 0x0000000600400000, 0x0000000600400000|100%|HS|  |TAMS 0x0000000600000000| PB 0x0000000600000000| Complete |  0
|   1|0x0000000600400000, 0x0000000600800000, 0x0000000600800000|100%| O|  |TAMS 0x0000000600400000| PB 0x0000000600400000| Untracked |  0
|   2|0x0000000600800000, 0x0000000600c00000, 0x0000000600c00000|100%| O|  |TAMS 0x0000000600800000| PB 0x0000000600800000| Untracked |  0
|   3|0x0000000600c00000, 0x0000000601000000, 0x0000000601000000|100%| O|  |TAMS 0x0000000600c00000| PB 0x0000000600c00000| Untracked |  0
|   4|0x0000000601000000, 0x00000006013c1678, 0x0000000601400000| 93%| O|  |TAMS 0x0000000601000000| PB 0x0000000601000000| Untracked |  0
|   5|0x0000000601400000, 0x0000000601800000, 0x0000000601800000|100%| O|  |TAMS 0x0000000601400000| PB 0x0000000601400000| Untracked |  0
|   6|0x0000000601800000, 0x0000000601c00000, 0x0000000601c00000|100%| O|  |TAMS 0x0000000601800000| PB 0x0000000601800000| Untracked |  0
|   7|0x0000000601c00000, 0x0000000602000000, 0x0000000602000000|100%| O|  |TAMS 0x0000000601c00000| PB 0x0000000601c00000| Untracked |  0
|   8|0x0000000602000000, 0x0000000602400000, 0x0000000602400000|100%| O|  |TAMS 0x0000000602000000| PB 0x0000000602000000| Untracked |  0
|   9|0x0000000602400000, 0x0000000602800000, 0x0000000602800000|100%| O|  |TAMS 0x0000000602400000| PB 0x0000000602400000| Untracked |  0
|  10|0x0000000602800000, 0x0000000602c00000, 0x0000000602c00000|100%|HS|  |TAMS 0x0000000602800000| PB 0x0000000602800000| Complete |  0
|  11|0x0000000602c00000, 0x0000000603000000, 0x0000000603000000|100%| O|  |TAMS 0x0000000602c00000| PB 0x0000000602c00000| Untracked |  0
|  12|0x0000000603000000, 0x0000000603400000, 0x0000000603400000|100%| O|  |TAMS 0x0000000603000000| PB 0x0000000603000000| Untracked |  0
|  13|0x0000000603400000, 0x0000000603800000, 0x0000000603800000|100%|HS|  |TAMS 0x0000000603400000| PB 0x0000000603400000| Complete |  0
|  14|0x0000000603800000, 0x0000000603c00000, 0x0000000603c00000|100%|HS|  |TAMS 0x0000000603800000| PB 0x0000000603800000| Complete |  0
|  15|0x0000000603c00000, 0x0000000604000000, 0x0000000604000000|100%| O|  |TAMS 0x0000000603c00000| PB 0x0000000603c00000| Untracked |  0
|  16|0x0000000604000000, 0x0000000604400000, 0x0000000604400000|100%| O|  |TAMS 0x0000000604000000| PB 0x0000000604000000| Untracked |  0
|  17|0x0000000604400000, 0x0000000604800000, 0x0000000604800000|100%| O|  |TAMS 0x0000000604400000| PB 0x0000000604400000| Untracked |  0
|  18|0x0000000604800000, 0x0000000604c00000, 0x0000000604c00000|100%| O|  |TAMS 0x0000000604800000| PB 0x0000000604800000| Untracked |  0
|  19|0x0000000604c00000, 0x0000000605000000, 0x0000000605000000|100%| O|  |TAMS 0x0000000604c00000| PB 0x0000000604c00000| Untracked |  0
|  20|0x0000000605000000, 0x0000000605400000, 0x0000000605400000|100%| O|  |TAMS 0x0000000605000000| PB 0x0000000605000000| Untracked |  0
|  21|0x0000000605400000, 0x0000000605800000, 0x0000000605800000|100%| O|  |TAMS 0x0000000605400000| PB 0x0000000605400000| Untracked |  0
|  22|0x0000000605800000, 0x0000000605c00000, 0x0000000605c00000|100%| O|  |TAMS 0x0000000605800000| PB 0x0000000605800000| Untracked |  0
|  23|0x0000000605c00000, 0x0000000606000000, 0x0000000606000000|100%| O|  |TAMS 0x0000000605c00000| PB 0x0000000605c00000| Untracked |  0
|  24|0x0000000606000000, 0x0000000606400000, 0x0000000606400000|100%|HS|  |TAMS 0x0000000606000000| PB 0x0000000606000000| Complete |  0
|  25|0x0000000606400000, 0x0000000606800000, 0x0000000606800000|100%| O|  |TAMS 0x0000000606400000| PB 0x0000000606400000| Untracked |  0
|  26|0x0000000606800000, 0x0000000606c00000, 0x0000000606c00000|100%| O|  |TAMS 0x0000000606800000| PB 0x0000000606800000| Untracked |  0
|  27|0x0000000606c00000, 0x0000000607000000, 0x0000000607000000|100%| O|  |TAMS 0x0000000606c00000| PB 0x0000000606c00000| Untracked |  0
|  28|0x0000000607000000, 0x0000000607400000, 0x0000000607400000|100%| O|  |TAMS 0x0000000607000000| PB 0x0000000607000000| Untracked |  0
|  29|0x0000000607400000, 0x0000000607800000, 0x0000000607800000|100%| O|  |TAMS 0x0000000607400000| PB 0x0000000607400000| Untracked |  0
|  30|0x0000000607800000, 0x0000000607c00000, 0x0000000607c00000|100%| O|Cm|TAMS 0x0000000607800000| PB 0x0000000607800000| Complete |  0
|  31|0x0000000607c00000, 0x0000000608000000, 0x0000000608000000|100%| O|  |TAMS 0x0000000607c00000| PB 0x0000000607c00000| Untracked |  0
|  32|0x0000000608000000, 0x0000000608400000, 0x0000000608400000|100%|HS|  |TAMS 0x0000000608000000| PB 0x0000000608000000| Complete |  0
|  33|0x0000000608400000, 0x0000000608800000, 0x0000000608800000|100%| O|  |TAMS 0x0000000608400000| PB 0x0000000608400000| Untracked |  0
|  34|0x0000000608800000, 0x0000000608c00000, 0x0000000608c00000|100%| O|  |TAMS 0x0000000608800000| PB 0x0000000608800000| Untracked |  0
|  35|0x0000000608c00000, 0x0000000609000000, 0x0000000609000000|100%| O|  |TAMS 0x0000000608c00000| PB 0x0000000608c00000| Untracked |  0
|  36|0x0000000609000000, 0x000000060918b7f0, 0x0000000609400000| 38%| O|  |TAMS 0x0000000609000000| PB 0x0000000609000000| Untracked |  0
|  37|0x0000000609400000, 0x0000000609800000, 0x0000000609800000|100%| O|  |TAMS 0x0000000609400000| PB 0x0000000609400000| Untracked |  0
|  38|0x0000000609800000, 0x0000000609c00000, 0x0000000609c00000|100%| O|  |TAMS 0x0000000609800000| PB 0x0000000609800000| Untracked |  0
|  39|0x0000000609c00000, 0x000000060a000000, 0x000000060a000000|100%| O|  |TAMS 0x0000000609c00000| PB 0x0000000609c00000| Untracked |  0
|  40|0x000000060a000000, 0x000000060a400000, 0x000000060a400000|100%| O|  |TAMS 0x000000060a000000| PB 0x000000060a000000| Untracked |  0
|  41|0x000000060a400000, 0x000000060a800000, 0x000000060a800000|100%| O|  |TAMS 0x000000060a400000| PB 0x000000060a400000| Untracked |  0
|  42|0x000000060a800000, 0x000000060ac00000, 0x000000060ac00000|100%| O|Cm|TAMS 0x000000060a800000| PB 0x000000060a800000| Complete |  0
|  43|0x000000060ac00000, 0x000000060b000000, 0x000000060b000000|100%| O|  |TAMS 0x000000060ac00000| PB 0x000000060ac00000| Untracked |  0
|  44|0x000000060b000000, 0x000000060b400000, 0x000000060b400000|100%| O|  |TAMS 0x000000060b000000| PB 0x000000060b000000| Untracked |  0
|  45|0x000000060b400000, 0x000000060b800000, 0x000000060b800000|100%| O|  |TAMS 0x000000060b400000| PB 0x000000060b400000| Untracked |  0
|  46|0x000000060b800000, 0x000000060bc00000, 0x000000060bc00000|100%| O|  |TAMS 0x000000060b800000| PB 0x000000060b800000| Untracked |  0
|  47|0x000000060bc00000, 0x000000060c000000, 0x000000060c000000|100%| O|  |TAMS 0x000000060bc00000| PB 0x000000060bc00000| Untracked |  0
|  48|0x000000060c000000, 0x000000060c000000, 0x000000060c400000|  0%| F|  |TAMS 0x000000060c000000| PB 0x000000060c000000| Untracked |  0
|  49|0x000000060c400000, 0x000000060c400000, 0x000000060c800000|  0%| F|  |TAMS 0x000000060c400000| PB 0x000000060c400000| Untracked |  0
|  50|0x000000060c800000, 0x000000060c800000, 0x000000060cc00000|  0%| F|  |TAMS 0x000000060c800000| PB 0x000000060c800000| Untracked |  0
|  51|0x000000060cc00000, 0x000000060cc00000, 0x000000060d000000|  0%| F|  |TAMS 0x000000060cc00000| PB 0x000000060cc00000| Untracked |  0
|  52|0x000000060d000000, 0x000000060d000000, 0x000000060d400000|  0%| F|  |TAMS 0x000000060d000000| PB 0x000000060d000000| Untracked |  0
|  53|0x000000060d400000, 0x000000060d70d860, 0x000000060d800000| 76%| S|CS|TAMS 0x000000060d400000| PB 0x000000060d400000| Complete |  0
|  54|0x000000060d800000, 0x000000060dc00000, 0x000000060dc00000|100%| S|CS|TAMS 0x000000060d800000| PB 0x000000060d800000| Complete |  0
|  55|0x000000060dc00000, 0x000000060dc00000, 0x000000060e000000|  0%| F|  |TAMS 0x000000060dc00000| PB 0x000000060dc00000| Untracked |  0
|  56|0x000000060e000000, 0x000000060e000000, 0x000000060e400000|  0%| F|  |TAMS 0x000000060e000000| PB 0x000000060e000000| Untracked |  0
|  57|0x000000060e400000, 0x000000060e400000, 0x000000060e800000|  0%| F|  |TAMS 0x000000060e400000| PB 0x000000060e400000| Untracked |  0
|  58|0x000000060e800000, 0x000000060e800000, 0x000000060ec00000|  0%| F|  |TAMS 0x000000060e800000| PB 0x000000060e800000| Untracked |  0
|  59|0x000000060ec00000, 0x000000060ec00000, 0x000000060f000000|  0%| F|  |TAMS 0x000000060ec00000| PB 0x000000060ec00000| Untracked |  0
|  60|0x000000060f000000, 0x000000060f000000, 0x000000060f400000|  0%| F|  |TAMS 0x000000060f000000| PB 0x000000060f000000| Untracked |  0
|  61|0x000000060f400000, 0x000000060f400000, 0x000000060f800000|  0%| F|  |TAMS 0x000000060f400000| PB 0x000000060f400000| Untracked |  0
|  62|0x000000060f800000, 0x000000060f800000, 0x000000060fc00000|  0%| F|  |TAMS 0x000000060f800000| PB 0x000000060f800000| Untracked |  0
|  63|0x000000060fc00000, 0x000000060fc00000, 0x0000000610000000|  0%| F|  |TAMS 0x000000060fc00000| PB 0x000000060fc00000| Untracked |  0
|  64|0x0000000610000000, 0x0000000610000000, 0x0000000610400000|  0%| F|  |TAMS 0x0000000610000000| PB 0x0000000610000000| Untracked |  0
|  65|0x0000000610400000, 0x0000000610400000, 0x0000000610800000|  0%| F|  |TAMS 0x0000000610400000| PB 0x0000000610400000| Untracked |  0
|  66|0x0000000610800000, 0x0000000610800000, 0x0000000610c00000|  0%| F|  |TAMS 0x0000000610800000| PB 0x0000000610800000| Untracked |  0
|  67|0x0000000610c00000, 0x0000000610eff820, 0x0000000611000000| 74%| E|  |TAMS 0x0000000610c00000| PB 0x0000000610c00000| Complete |  0
|  68|0x0000000611000000, 0x0000000611400000, 0x0000000611400000|100%| E|CS|TAMS 0x0000000611000000| PB 0x0000000611000000| Complete |  0
|  69|0x0000000611400000, 0x0000000611800000, 0x0000000611800000|100%| E|CS|TAMS 0x0000000611400000| PB 0x0000000611400000| Complete |  0
|  70|0x0000000611800000, 0x0000000611c00000, 0x0000000611c00000|100%| E|CS|TAMS 0x0000000611800000| PB 0x0000000611800000| Complete |  1
|  71|0x0000000611c00000, 0x0000000612000000, 0x0000000612000000|100%| E|CS|TAMS 0x0000000611c00000| PB 0x0000000611c00000| Complete |  0
|  72|0x0000000612000000, 0x0000000612400000, 0x0000000612400000|100%| E|CS|TAMS 0x0000000612000000| PB 0x0000000612000000| Complete |  0
|  73|0x0000000612400000, 0x0000000612800000, 0x0000000612800000|100%| E|CS|TAMS 0x0000000612400000| PB 0x0000000612400000| Complete |  0
|  74|0x0000000612800000, 0x0000000612c00000, 0x0000000612c00000|100%| E|CS|TAMS 0x0000000612800000| PB 0x0000000612800000| Complete |  0
|  75|0x0000000612c00000, 0x0000000613000000, 0x0000000613000000|100%| E|CS|TAMS 0x0000000612c00000| PB 0x0000000612c00000| Complete |  0
|  76|0x0000000613000000, 0x0000000613400000, 0x0000000613400000|100%| E|CS|TAMS 0x0000000613000000| PB 0x0000000613000000| Complete |  0
|  77|0x0000000613400000, 0x0000000613800000, 0x0000000613800000|100%| E|CS|TAMS 0x0000000613400000| PB 0x0000000613400000| Complete |  0
|  78|0x0000000613800000, 0x0000000613c00000, 0x0000000613c00000|100%| E|CS|TAMS 0x0000000613800000| PB 0x0000000613800000| Complete |  0
|  79|0x0000000613c00000, 0x0000000614000000, 0x0000000614000000|100%| E|CS|TAMS 0x0000000613c00000| PB 0x0000000613c00000| Complete |  0
|  80|0x0000000614000000, 0x0000000614400000, 0x0000000614400000|100%| E|CS|TAMS 0x0000000614000000| PB 0x0000000614000000| Complete |  0
|  81|0x0000000614400000, 0x0000000614800000, 0x0000000614800000|100%| E|CS|TAMS 0x0000000614400000| PB 0x0000000614400000| Complete |  0
|  82|0x0000000614800000, 0x0000000614c00000, 0x0000000614c00000|100%| E|CS|TAMS 0x0000000614800000| PB 0x0000000614800000| Complete |  0
|  83|0x0000000614c00000, 0x0000000615000000, 0x0000000615000000|100%| E|CS|TAMS 0x0000000614c00000| PB 0x0000000614c00000| Complete |  0

Card table byte_map: [0x000002bf5ff60000,0x000002bf60f60000] _byte_map_base: 0x000002bf5cf60000

Marking Bits: (CMBitMap*) 0x000002bf35f7b9f0
 Bits: [0x000002bf60f60000, 0x000002bf68f60000)

Polling page: 0x000002bf35f90000

Metaspace:

Usage:
  Non-class:     94.67 MB used.
      Class:     15.94 MB used.
       Both:    110.61 MB used.

Virtual space:
  Non-class space:      128.00 MB reserved,      96.06 MB ( 75%) committed,  2 nodes.
      Class space:        1.00 GB reserved,      17.19 MB (  2%) committed,  1 nodes.
             Both:        1.12 GB reserved,     113.25 MB ( 10%) committed. 

Chunk freelists:
   Non-Class:  15.83 MB
       Class:  14.64 MB
        Both:  30.47 MB

MaxMetaspaceSize: 4.00 GB
CompressedClassSpaceSize: 1.00 GB
Initial GC threshold: 21.00 MB
Current GC threshold: 187.81 MB
CDS: on
 - commit_granule_bytes: 65536.
 - commit_granule_words: 8192.
 - virtual_space_node_default_size: 8388608.
 - enlarge_chunks_in_place: 1.
 - use_allocation_guard: 0.


Internal statistics:

num_allocs_failed_limit: 9.
num_arena_births: 4428.
num_arena_deaths: 0.
num_vsnodes_births: 3.
num_vsnodes_deaths: 0.
num_space_committed: 1812.
num_space_uncommitted: 0.
num_chunks_returned_to_freelist: 9.
num_chunks_taken_from_freelist: 9534.
num_chunk_merges: 3.
num_chunk_splits: 6282.
num_chunks_enlarged: 4107.
num_inconsistent_stats: 0.

CodeHeap 'non-profiled nmethods': size=259264Kb used=10822Kb max_used=10822Kb free=248442Kb
 bounds [0x000002bf4e5b0000, 0x000002bf4f050000, 0x000002bf5e2e0000]
CodeHeap 'profiled nmethods': size=259264Kb used=25986Kb max_used=25986Kb free=233277Kb
 bounds [0x000002bf3e2e0000, 0x000002bf3fc50000, 0x000002bf4e010000]
CodeHeap 'non-nmethods': size=5760Kb used=3279Kb max_used=3336Kb free=2480Kb
 bounds [0x000002bf4e010000, 0x000002bf4e360000, 0x000002bf4e5b0000]
 total_blobs=14863 nmethods=13812 adapters=954
 compilation: enabled
              stopped_count=0, restarted_count=0
 full_count=0

Compilation events (20 events):
Event: 81.169 Thread 0x000002bf6bba9030 16709   !   3       org.apache.commons.io.output.ProxyOutputStream::write (32 bytes)
Event: 81.169 Thread 0x000002bf6bba9030 nmethod 16709 0x000002bf3fc3e510 code [0x000002bf3fc3e6e0, 0x000002bf3fc3eb98]
Event: 81.169 Thread 0x000002bf6bba9030 16710       3       org.apache.commons.io.output.ProxyOutputStream::beforeWrite (1 bytes)
Event: 81.169 Thread 0x000002bf6bba9030 nmethod 16710 0x000002bf3fc3ed90 code [0x000002bf3fc3ef20, 0x000002bf3fc3f028]
Event: 81.170 Thread 0x000002bf6bba9030 16711       3       org.gradle.internal.io.LinePerThreadBufferingOutputStream::write (11 bytes)
Event: 81.170 Thread 0x000002bf6bba9030 nmethod 16711 0x000002bf3fc3f090 code [0x000002bf3fc3f240, 0x000002bf3fc3f468]
Event: 81.170 Thread 0x000002bf6bba9030 16712       3       org.gradle.internal.io.LinePerThreadBufferingOutputStream::getStream (48 bytes)
Event: 81.170 Thread 0x000002bf6bba9030 nmethod 16712 0x000002bf3fc3f590 code [0x000002bf3fc3f7a0, 0x000002bf3fc3fea8]
Event: 81.170 Thread 0x000002bf6bba9030 16713       3       org.apache.commons.io.output.ProxyOutputStream::afterWrite (1 bytes)
Event: 81.170 Thread 0x000002bf6bba9030 nmethod 16713 0x000002bf3fc40110 code [0x000002bf3fc402a0, 0x000002bf3fc403a8]
Event: 81.170 Thread 0x000002bf6bba9030 16714   !   3       org.apache.commons.io.output.ProxyOutputStream::flush (17 bytes)
Event: 81.171 Thread 0x000002bf6bba9030 nmethod 16714 0x000002bf3fc40410 code [0x000002bf3fc405c0, 0x000002bf3fc408b8]
Event: 81.177 Thread 0x000002bf6bb88090 nmethod 16707 0x000002bf4f03f990 code [0x000002bf4f03fb60, 0x000002bf4f0400c8]
Event: 81.177 Thread 0x000002bf6bb88090 16708   !   4       jdk.proxy1.$Proxy0::onOutput (34 bytes)
Event: 81.182 Thread 0x000002bf6bb88090 nmethod 16708 0x000002bf4f040490 code [0x000002bf4f040660, 0x000002bf4f040bd0]
Event: 81.182 Thread 0x000002bf6bb88090 16715   !   4       org.gradle.launcher.daemon.server.exec.LogToClient$AsynchronousLogDispatcher::dispatchAsync (33 bytes)
Event: 81.185 Thread 0x000002bf6bb88090 nmethod 16715 0x000002bf4f040e10 code [0x000002bf4f040fc0, 0x000002bf4f0411c0]
Event: 81.185 Thread 0x000002bf6bb88090 16716       4       org.gradle.internal.serialize.kryo.KryoBackedEncoder::writeBoolean (9 bytes)
Event: 81.186 Thread 0x000002bf6bb88090 nmethod 16716 0x000002bf4f041390 code [0x000002bf4f041520, 0x000002bf4f041680]
Event: 81.187 Thread 0x000002bf6bb88090 16705   !   4       org.gradle.internal.io.StreamByteBuffer::readAsCharBuffer (383 bytes)

GC Heap History (20 events):
Event: 30.535 GC heap before
{Heap before GC invocations=42 (full 0):
 garbage-first heap   total reserved 8388608K, committed 225280K, used 196868K [0x0000000600000000, 0x0000000800000000)
  region size 4096K, 17 young (69632K), 2 survivors (8192K)
 Metaspace       used 88021K, committed 90368K, reserved 1179648K
  class space    used 12596K, committed 13696K, reserved 1048576K
}
Event: 30.545 GC heap after
{Heap after GC invocations=43 (full 0):
 garbage-first heap   total reserved 8388608K, committed 270336K, used 146188K [0x0000000600000000, 0x0000000800000000)
  region size 4096K, 3 young (12288K), 3 survivors (12288K)
 Metaspace       used 88021K, committed 90368K, reserved 1179648K
  class space    used 12596K, committed 13696K, reserved 1048576K
}
Event: 32.227 GC heap before
{Heap before GC invocations=43 (full 0):
 garbage-first heap   total reserved 8388608K, committed 270336K, used 240396K [0x0000000600000000, 0x0000000800000000)
  region size 4096K, 26 young (106496K), 3 survivors (12288K)
 Metaspace       used 92440K, committed 94848K, reserved 1179648K
  class space    used 13217K, committed 14336K, reserved 1048576K
}
Event: 32.235 GC heap after
{Heap after GC invocations=44 (full 0):
 garbage-first heap   total reserved 8388608K, committed 270336K, used 152601K [0x0000000600000000, 0x0000000800000000)
  region size 4096K, 2 young (8192K), 2 survivors (8192K)
 Metaspace       used 92440K, committed 94848K, reserved 1179648K
  class space    used 13217K, committed 14336K, reserved 1048576K
}
Event: 33.544 GC heap before
{Heap before GC invocations=44 (full 0):
 garbage-first heap   total reserved 8388608K, committed 270336K, used 238617K [0x0000000600000000, 0x0000000800000000)
  region size 4096K, 23 young (94208K), 2 survivors (8192K)
 Metaspace       used 98188K, committed 100672K, reserved 1179648K
  class space    used 14150K, committed 15296K, reserved 1048576K
}
Event: 33.550 GC heap after
{Heap after GC invocations=45 (full 0):
 garbage-first heap   total reserved 8388608K, committed 270336K, used 156268K [0x0000000600000000, 0x0000000800000000)
  region size 4096K, 1 young (4096K), 1 survivors (4096K)
 Metaspace       used 98188K, committed 100672K, reserved 1179648K
  class space    used 14150K, committed 15296K, reserved 1048576K
}
Event: 34.819 GC heap before
{Heap before GC invocations=45 (full 0):
 garbage-first heap   total reserved 8388608K, committed 270336K, used 242284K [0x0000000600000000, 0x0000000800000000)
  region size 4096K, 22 young (90112K), 1 survivors (4096K)
 Metaspace       used 101106K, committed 103616K, reserved 1179648K
  class space    used 14566K, committed 15744K, reserved 1048576K
}
Event: 34.830 GC heap after
{Heap after GC invocations=46 (full 0):
 garbage-first heap   total reserved 8388608K, committed 270336K, used 163926K [0x0000000600000000, 0x0000000800000000)
  region size 4096K, 3 young (12288K), 3 survivors (12288K)
 Metaspace       used 101106K, committed 103616K, reserved 1179648K
  class space    used 14566K, committed 15744K, reserved 1048576K
}
Event: 35.500 GC heap before
{Heap before GC invocations=47 (full 0):
 garbage-first heap   total reserved 8388608K, committed 282624K, used 237654K [0x0000000600000000, 0x0000000800000000)
  region size 4096K, 21 young (86016K), 3 survivors (12288K)
 Metaspace       used 101109K, committed 103616K, reserved 1179648K
  class space    used 14566K, committed 15744K, reserved 1048576K
}
Event: 35.509 GC heap after
{Heap after GC invocations=48 (full 0):
 garbage-first heap   total reserved 8388608K, committed 282624K, used 168355K [0x0000000600000000, 0x0000000800000000)
  region size 4096K, 2 young (8192K), 2 survivors (8192K)
 Metaspace       used 101109K, committed 103616K, reserved 1179648K
  class space    used 14566K, committed 15744K, reserved 1048576K
}
Event: 36.925 GC heap before
{Heap before GC invocations=48 (full 0):
 garbage-first heap   total reserved 8388608K, committed 282624K, used 254371K [0x0000000600000000, 0x0000000800000000)
  region size 4096K, 23 young (94208K), 2 survivors (8192K)
 Metaspace       used 102435K, committed 105088K, reserved 1179648K
  class space    used 14833K, committed 16064K, reserved 1048576K
}
Event: 36.937 GC heap after
{Heap after GC invocations=49 (full 0):
 garbage-first heap   total reserved 8388608K, committed 282624K, used 177641K [0x0000000600000000, 0x0000000800000000)
  region size 4096K, 3 young (12288K), 3 survivors (12288K)
 Metaspace       used 102435K, committed 105088K, reserved 1179648K
  class space    used 14833K, committed 16064K, reserved 1048576K
}
Event: 37.591 GC heap before
{Heap before GC invocations=49 (full 0):
 garbage-first heap   total reserved 8388608K, committed 282624K, used 247273K [0x0000000600000000, 0x0000000800000000)
  region size 4096K, 21 young (86016K), 3 survivors (12288K)
 Metaspace       used 102507K, committed 105152K, reserved 1179648K
  class space    used 14840K, committed 16064K, reserved 1048576K
}
Event: 37.599 GC heap after
{Heap after GC invocations=50 (full 0):
 garbage-first heap   total reserved 8388608K, committed 282624K, used 181719K [0x0000000600000000, 0x0000000800000000)
  region size 4096K, 2 young (8192K), 2 survivors (8192K)
 Metaspace       used 102507K, committed 105152K, reserved 1179648K
  class space    used 14840K, committed 16064K, reserved 1048576K
}
Event: 38.856 GC heap before
{Heap before GC invocations=51 (full 0):
 garbage-first heap   total reserved 8388608K, committed 315392K, used 243159K [0x0000000600000000, 0x0000000800000000)
  region size 4096K, 18 young (73728K), 2 survivors (8192K)
 Metaspace       used 103019K, committed 105664K, reserved 1179648K
  class space    used 14902K, committed 16128K, reserved 1048576K
}
Event: 38.865 GC heap after
{Heap after GC invocations=52 (full 0):
 garbage-first heap   total reserved 8388608K, committed 315392K, used 189505K [0x0000000600000000, 0x0000000800000000)
  region size 4096K, 3 young (12288K), 3 survivors (12288K)
 Metaspace       used 103019K, committed 105664K, reserved 1179648K
  class space    used 14902K, committed 16128K, reserved 1048576K
}
Event: 40.680 GC heap before
{Heap before GC invocations=52 (full 0):
 garbage-first heap   total reserved 8388608K, committed 315392K, used 275521K [0x0000000600000000, 0x0000000800000000)
  region size 4096K, 25 young (102400K), 3 survivors (12288K)
 Metaspace       used 107442K, committed 110080K, reserved 1179648K
  class space    used 15548K, committed 16768K, reserved 1048576K
}
Event: 40.699 GC heap after
{Heap after GC invocations=53 (full 0):
 garbage-first heap   total reserved 8388608K, committed 315392K, used 193770K [0x0000000600000000, 0x0000000800000000)
  region size 4096K, 2 young (8192K), 2 survivors (8192K)
 Metaspace       used 107442K, committed 110080K, reserved 1179648K
  class space    used 15548K, committed 16768K, reserved 1048576K
}
Event: 41.978 GC heap before
{Heap before GC invocations=53 (full 0):
 garbage-first heap   total reserved 8388608K, committed 315392K, used 283882K [0x0000000600000000, 0x0000000800000000)
  region size 4096K, 24 young (98304K), 2 survivors (8192K)
 Metaspace       used 112469K, committed 115200K, reserved 1179648K
  class space    used 16223K, committed 17536K, reserved 1048576K
}
Event: 41.989 GC heap after
{Heap after GC invocations=54 (full 0):
 garbage-first heap   total reserved 8388608K, committed 315392K, used 201065K [0x0000000600000000, 0x0000000800000000)
  region size 4096K, 2 young (8192K), 2 survivors (8192K)
 Metaspace       used 112469K, committed 115200K, reserved 1179648K
  class space    used 16223K, committed 17536K, reserved 1048576K
}

Dll operation events (15 events):
Event: 0.020 Loaded shared library C:\Program Files\Java\jdk-22\bin\java.dll
Event: 0.060 Loaded shared library C:\Program Files\Java\jdk-22\bin\jsvml.dll
Event: 0.125 Loaded shared library C:\Program Files\Java\jdk-22\bin\zip.dll
Event: 0.131 Loaded shared library C:\Program Files\Java\jdk-22\bin\instrument.dll
Event: 0.136 Loaded shared library C:\Program Files\Java\jdk-22\bin\net.dll
Event: 0.139 Loaded shared library C:\Program Files\Java\jdk-22\bin\nio.dll
Event: 0.142 Loaded shared library C:\Program Files\Java\jdk-22\bin\zip.dll
Event: 0.523 Loaded shared library C:\Program Files\Java\jdk-22\bin\jimage.dll
Event: 0.756 Loaded shared library C:\Program Files\Java\jdk-22\bin\verify.dll
Event: 1.087 Loaded shared library C:\Users\pc\.gradle\native\c067742578af261105cb4f569cf0c3c89f3d7b1fecec35dd04571415982c5e48\windows-amd64\native-platform.dll
Event: 1.110 Loaded shared library C:\Users\pc\.gradle\native\100fb08df4bc3b14c8652ba06237920a3bd2aa13389f12d3474272988ae205f9\windows-amd64\native-platform-file-events.dll
Event: 3.584 Loaded shared library C:\Program Files\Java\jdk-22\bin\management.dll
Event: 3.589 Loaded shared library C:\Program Files\Java\jdk-22\bin\management_ext.dll
Event: 4.073 Loaded shared library C:\Program Files\Java\jdk-22\bin\extnet.dll
Event: 4.381 Loaded shared library C:\Program Files\Java\jdk-22\bin\sunmscapi.dll

Deoptimization events (20 events):
Event: 52.079 Thread 0x000002bfb5942710 Uncommon trap: trap_request=0xffffff45 fr.pc=0x000002bf4eea8f98 relative=0x0000000000000a18
Event: 52.079 Thread 0x000002bfb5942710 Uncommon trap: reason=unstable_if action=reinterpret pc=0x000002bf4eea8f98 method=java.util.HashMap.removeNode(ILjava/lang/Object;Ljava/lang/Object;ZZ)Ljava/util/HashMap$Node; @ 133 c2
Event: 52.079 Thread 0x000002bfb5942710 DEOPT PACKING pc=0x000002bf4eea8f98 sp=0x000000f2b2bfe9e0
Event: 52.079 Thread 0x000002bfb5942710 DEOPT UNPACKING pc=0x000002bf4e067da2 sp=0x000000f2b2bfe968 mode 2
Event: 72.188 Thread 0x000002bfb417a300 Uncommon trap: trap_request=0xffffff45 fr.pc=0x000002bf4efe08f4 relative=0x0000000000001054
Event: 72.188 Thread 0x000002bfb417a300 Uncommon trap: reason=unstable_if action=reinterpret pc=0x000002bf4efe08f4 method=org.gradle.internal.logging.text.AbstractLineChoppingStyledTextOutput$2.execute(Lorg/gradle/internal/logging/text/AbstractLineChoppingStyledTextOutput$StateContext;)V @ 34 c
Event: 72.188 Thread 0x000002bfb417a300 DEOPT PACKING pc=0x000002bf4efe08f4 sp=0x000000f2bc3fe360
Event: 72.188 Thread 0x000002bfb417a300 DEOPT UNPACKING pc=0x000002bf4e067da2 sp=0x000000f2bc3fe198 mode 2
Event: 72.188 Thread 0x000002bfb417a300 Uncommon trap: trap_request=0xffffff45 fr.pc=0x000002bf4ebbaad4 relative=0x0000000000000414
Event: 72.188 Thread 0x000002bfb417a300 Uncommon trap: reason=unstable_if action=reinterpret pc=0x000002bf4ebbaad4 method=org.gradle.internal.logging.text.AbstractLineChoppingStyledTextOutput$2.execute(Lorg/gradle/internal/logging/text/AbstractLineChoppingStyledTextOutput$StateContext;)V @ 34 c
Event: 72.188 Thread 0x000002bfb417a300 DEOPT PACKING pc=0x000002bf4ebbaad4 sp=0x000000f2bc3fe300
Event: 72.188 Thread 0x000002bfb417a300 DEOPT UNPACKING pc=0x000002bf4e067da2 sp=0x000000f2bc3fe198 mode 2
Event: 72.188 Thread 0x000002bfb417a300 Uncommon trap: trap_request=0xffffff45 fr.pc=0x000002bf4ebf272c relative=0x000000000000040c
Event: 72.188 Thread 0x000002bfb417a300 Uncommon trap: reason=unstable_if action=reinterpret pc=0x000002bf4ebf272c method=org.gradle.internal.logging.text.AbstractLineChoppingStyledTextOutput$2.execute(Lorg/gradle/internal/logging/text/AbstractLineChoppingStyledTextOutput$StateContext;)V @ 34 c
Event: 72.188 Thread 0x000002bfb417a300 DEOPT PACKING pc=0x000002bf4ebf272c sp=0x000000f2bc3fe290
Event: 72.188 Thread 0x000002bfb417a300 DEOPT UNPACKING pc=0x000002bf4e067da2 sp=0x000000f2bc3fe190 mode 2
Event: 74.705 Thread 0x000002bfb5943ac0 DEOPT PACKING pc=0x000002bf3fc1ed9e sp=0x000000f2bc4ff010
Event: 74.705 Thread 0x000002bfb5943ac0 DEOPT UNPACKING pc=0x000002bf4e0688e2 sp=0x000000f2bc4fe500 mode 0
Event: 74.732 Thread 0x000002bfb5943ac0 DEOPT PACKING pc=0x000002bf3fc1ed9e sp=0x000000f2bc4ff010
Event: 74.732 Thread 0x000002bfb5943ac0 DEOPT UNPACKING pc=0x000002bf4e0688e2 sp=0x000000f2bc4fe500 mode 0

Classes loaded (20 events):
Event: 43.116 Loading class java/util/AbstractSetBeanInfo
Event: 43.116 Loading class java/util/AbstractSetBeanInfo done
Event: 43.116 Loading class java/util/AbstractSetCustomizer
Event: 43.116 Loading class java/util/AbstractSetCustomizer done
Event: 43.116 Loading class java/util/AbstractSetCustomizer
Event: 43.116 Loading class java/util/AbstractSetCustomizer done
Event: 43.117 Loading class java/util/TreeSetCustomizer
Event: 43.117 Loading class java/util/TreeSetCustomizer done
Event: 43.117 Loading class java/util/TreeSetCustomizer
Event: 43.117 Loading class java/util/TreeSetCustomizer done
Event: 43.158 Loading class java/lang/ProcessImpl
Event: 43.158 Loading class java/lang/ProcessImpl done
Event: 43.179 Loading class java/lang/ProcessHandleImpl
Event: 43.180 Loading class java/lang/ProcessHandleImpl done
Event: 43.181 Loading class java/lang/ProcessImpl$2
Event: 43.181 Loading class java/lang/ProcessImpl$2 done
Event: 43.181 Loading class java/lang/Process$PipeInputStream
Event: 43.182 Loading class java/lang/Process$PipeInputStream done
Event: 43.186 Loading class jdk/internal/event/ProcessStartEvent
Event: 43.186 Loading class jdk/internal/event/ProcessStartEvent done

Classes unloaded (0 events):
No events

Classes redefined (0 events):
No events

Internal exceptions (20 events):
Event: 43.115 Thread 0x000002bfb2784180 Exception <a 'java/lang/ClassNotFoundException'{0x0000000611d13230}: java/util/TreeSetBeanInfo> (0x0000000611d13230) 
thrown [s\open\src\hotspot\share\classfile\systemDictionary.cpp, line 313]
Event: 43.116 Thread 0x000002bfb2784180 Exception <a 'java/lang/ClassNotFoundException'{0x0000000611d18578}: java/util/AbstractSetBeanInfo> (0x0000000611d18578) 
thrown [s\open\src\hotspot\share\classfile\systemDictionary.cpp, line 313]
Event: 43.116 Thread 0x000002bfb2784180 Exception <a 'java/lang/ClassNotFoundException'{0x0000000611d1d8e8}: java/util/AbstractSetCustomizer> (0x0000000611d1d8e8) 
thrown [s\open\src\hotspot\share\classfile\systemDictionary.cpp, line 313]
Event: 43.117 Thread 0x000002bfb2784180 Exception <a 'java/lang/ClassNotFoundException'{0x0000000611d3fcb8}: java/util/TreeSetCustomizer> (0x0000000611d3fcb8) 
thrown [s\open\src\hotspot\share\classfile\systemDictionary.cpp, line 313]
Event: 43.120 Thread 0x000002bfb2784180 Exception <a 'java/lang/ClassNotFoundException'{0x0000000611d823d0}: org/gradle/internal/os/OperatingSystemBeanInfo> (0x0000000611d823d0) 
thrown [s\open\src\hotspot\share\classfile\systemDictionary.cpp, line 313]
Event: 43.121 Thread 0x000002bfb2784180 Exception <a 'java/lang/ClassNotFoundException'{0x0000000611d8b858}: org/gradle/internal/os/OperatingSystemCustomizer> (0x0000000611d8b858) 
thrown [s\open\src\hotspot\share\classfile\systemDictionary.cpp, line 313]
Event: 43.124 Thread 0x000002bfb2784180 Exception <a 'java/lang/ClassNotFoundException'{0x0000000611dbbb58}: org/gradle/internal/os/OperatingSystem$WindowsBeanInfo> (0x0000000611dbbb58) 
thrown [s\open\src\hotspot\share\classfile\systemDictionary.cpp, line 313]
Event: 43.124 Thread 0x000002bfb2784180 Exception <a 'java/lang/ClassNotFoundException'{0x0000000611dc50e8}: org/gradle/internal/os/OperatingSystem$WindowsCustomizer> (0x0000000611dc50e8) 
thrown [s\open\src\hotspot\share\classfile\systemDictionary.cpp, line 313]
Event: 43.141 Thread 0x000002bfb2784180 Exception <a 'java/lang/ClassNotFoundException'{0x0000000611edd4c0}: org/gradle/process/internal/DefaultExecAction_DecoratedBeanInfo> (0x0000000611edd4c0) 
thrown [s\open\src\hotspot\share\classfile\systemDictionary.cpp, line 313]
Event: 43.141 Thread 0x000002bfb2784180 Exception <a 'java/lang/ClassNotFoundException'{0x0000000611ee7f10}: org/gradle/process/internal/DefaultExecActionBeanInfo> (0x0000000611ee7f10) 
thrown [s\open\src\hotspot\share\classfile\systemDictionary.cpp, line 313]
Event: 43.141 Thread 0x000002bfb2784180 Exception <a 'java/lang/ClassNotFoundException'{0x0000000611ef3580}: org/gradle/process/internal/DefaultExecHandleBuilderBeanInfo> (0x0000000611ef3580) 
thrown [s\open\src\hotspot\share\classfile\systemDictionary.cpp, line 313]
Event: 43.141 Thread 0x000002bfb2784180 Exception <a 'java/lang/ClassNotFoundException'{0x0000000611efeea0}: org/gradle/process/internal/AbstractExecHandleBuilderBeanInfo> (0x0000000611efeea0) 
thrown [s\open\src\hotspot\share\classfile\systemDictionary.cpp, line 313]
Event: 43.142 Thread 0x000002bfb2784180 Exception <a 'java/lang/ClassNotFoundException'{0x0000000611f0aa78}: org/gradle/process/internal/DefaultProcessForkOptionsBeanInfo> (0x0000000611f0aa78) 
thrown [s\open\src\hotspot\share\classfile\systemDictionary.cpp, line 313]
Event: 43.143 Thread 0x000002bfb2784180 Exception <a 'java/lang/ClassNotFoundException'{0x0000000611f166c0}: org/gradle/process/internal/DefaultProcessForkOptionsCustomizer> (0x0000000611f166c0) 
thrown [s\open\src\hotspot\share\classfile\systemDictionary.cpp, line 313]
Event: 43.144 Thread 0x000002bfb2784180 Exception <a 'java/lang/ClassNotFoundException'{0x0000000611f30040}: org/gradle/process/internal/AbstractExecHandleBuilderCustomizer> (0x0000000611f30040) 
thrown [s\open\src\hotspot\share\classfile\systemDictionary.cpp, line 313]
Event: 43.144 Thread 0x000002bfb2784180 Exception <a 'java/lang/ClassNotFoundException'{0x0000000611f4d770}: org/gradle/process/internal/DefaultExecHandleBuilderCustomizer> (0x0000000611f4d770) 
thrown [s\open\src\hotspot\share\classfile\systemDictionary.cpp, line 313]
Event: 43.146 Thread 0x000002bfb2784180 Exception <a 'java/lang/ClassNotFoundException'{0x0000000611f866b8}: org/gradle/process/internal/DefaultExecActionCustomizer> (0x0000000611f866b8) 
thrown [s\open\src\hotspot\share\classfile\systemDictionary.cpp, line 313]
Event: 43.146 Thread 0x000002bfb2784180 Exception <a 'java/lang/ClassNotFoundException'{0x0000000611f9bc90}: org/gradle/process/internal/DefaultExecAction_DecoratedCustomizer> (0x0000000611f9bc90) 
thrown [s\open\src\hotspot\share\classfile\systemDictionary.cpp, line 313]
Event: 43.179 Thread 0x000002bfb7810110 Exception <a 'java/lang/NoSuchMethodError'{0x0000000611953818}: 'void java.lang.invoke.DirectMethodHandle$Holder.invokeStatic(java.lang.Object, long)'> (0x0000000611953818) 
thrown [s\open\src\hotspot\share\interpreter\linkResolver.cpp, line 774]
Event: 43.181 Thread 0x000002bfb7810110 Exception <a 'java/lang/NoSuchMethodError'{0x000000061195de88}: 'java.lang.Object java.lang.invoke.DirectMethodHandle$Holder.invokeStaticInit(java.lang.Object, long, java.lang.Object)'> (0x000000061195de88) 
thrown [s\open\src\hotspot\share\interpreter\linkResolver.cpp, line 774]

ZGC Phase Switch (0 events):
No events

VM Operations (20 events):
Event: 59.326 Executing VM operation: Cleanup
Event: 59.326 Executing VM operation: Cleanup done
Event: 60.300 Executing VM operation: HandshakeAllThreads (HandshakeForDeflation)
Event: 60.300 Executing VM operation: HandshakeAllThreads (HandshakeForDeflation) done
Event: 60.300 Executing VM operation: RendezvousGCThreads
Event: 60.300 Executing VM operation: RendezvousGCThreads done
Event: 65.332 Executing VM operation: Cleanup
Event: 65.334 Executing VM operation: Cleanup done
Event: 72.388 Executing VM operation: Cleanup
Event: 72.388 Executing VM operation: Cleanup done
Event: 73.401 Executing VM operation: Cleanup
Event: 73.401 Executing VM operation: Cleanup done
Event: 75.425 Executing VM operation: Cleanup
Event: 75.426 Executing VM operation: Cleanup done
Event: 77.445 Executing VM operation: Cleanup
Event: 77.446 Executing VM operation: Cleanup done
Event: 78.459 Executing VM operation: Cleanup
Event: 78.459 Executing VM operation: Cleanup done
Event: 80.473 Executing VM operation: Cleanup
Event: 80.473 Executing VM operation: Cleanup done

Memory protections (0 events):
No events

Nmethod flushes (20 events):
Event: 42.210 Thread 0x000002bf691b1a40 flushing  nmethod 0x000002bf4ee05b10
Event: 42.210 Thread 0x000002bf691b1a40 flushing  nmethod 0x000002bf3e330e10
Event: 42.210 Thread 0x000002bf691b1a40 flushing  nmethod 0x000002bf3e3b7410
Event: 42.210 Thread 0x000002bf691b1a40 flushing  nmethod 0x000002bf3e719e10
Event: 42.210 Thread 0x000002bf691b1a40 flushing  nmethod 0x000002bf3e771a90
Event: 42.210 Thread 0x000002bf691b1a40 flushing  nmethod 0x000002bf3e771f90
Event: 42.210 Thread 0x000002bf691b1a40 flushing  nmethod 0x000002bf3e80ad10
Event: 42.210 Thread 0x000002bf691b1a40 flushing  nmethod 0x000002bf3ec8bb90
Event: 42.210 Thread 0x000002bf691b1a40 flushing  nmethod 0x000002bf3ed49890
Event: 42.210 Thread 0x000002bf691b1a40 flushing  nmethod 0x000002bf3ed4c090
Event: 42.210 Thread 0x000002bf691b1a40 flushing  nmethod 0x000002bf3ed80590
Event: 42.210 Thread 0x000002bf691b1a40 flushing  nmethod 0x000002bf3ed85b10
Event: 42.210 Thread 0x000002bf691b1a40 flushing  nmethod 0x000002bf3edcb090
Event: 42.210 Thread 0x000002bf691b1a40 flushing  nmethod 0x000002bf3ee22e90
Event: 42.210 Thread 0x000002bf691b1a40 flushing  nmethod 0x000002bf3ee61390
Event: 42.210 Thread 0x000002bf691b1a40 flushing  nmethod 0x000002bf3eee7290
Event: 42.210 Thread 0x000002bf691b1a40 flushing  nmethod 0x000002bf3ef70490
Event: 42.210 Thread 0x000002bf691b1a40 flushing  nmethod 0x000002bf3f02e910
Event: 42.210 Thread 0x000002bf691b1a40 flushing  nmethod 0x000002bf3f255c10
Event: 42.210 Thread 0x000002bf691b1a40 flushing  nmethod 0x000002bf3f299290

Events (20 events):
Event: 35.840 Thread 0x000002bf6bba9030 Thread added: 0x000002bfb7ea18e0
Event: 36.035 Thread 0x000002bfb7ea18e0 Thread exited: 0x000002bfb7ea18e0
Event: 38.324 Thread 0x000002bfb7e9db90 Thread exited: 0x000002bfb7e9db90
Event: 38.470 Thread 0x000002bf6bba9030 Thread added: 0x000002bfb7e9db90
Event: 39.715 Thread 0x000002bfb4ae24c0 Thread added: 0x000002bfb780e040
Event: 41.071 Thread 0x000002bf6bb88090 Thread added: 0x000002bfbf119300
Event: 41.512 Thread 0x000002bfbf119300 Thread exited: 0x000002bfbf119300
Event: 41.596 Thread 0x000002bfb7e9db90 Thread exited: 0x000002bfb7e9db90
Event: 41.757 Thread 0x000002bf6bba9030 Thread added: 0x000002bfbf118560
Event: 42.337 Thread 0x000002bfbf118560 Thread exited: 0x000002bfbf118560
Event: 42.651 Thread 0x000002bf6bba9030 Thread added: 0x000002bfbf118c30
Event: 43.157 Thread 0x000002bfb2784180 Thread added: 0x000002bfb7810110
Event: 43.188 Thread 0x000002bfb7810110 Thread added: 0x000002bfb417a300
Event: 43.188 Thread 0x000002bfb7810110 Thread added: 0x000002bfb5943ac0
Event: 44.898 Thread 0x000002bfbf118c30 Thread exited: 0x000002bfbf118c30
Event: 48.027 Thread 0x000002bfb2784810 Thread added: 0x000002bfb5942710
Event: 74.510 Thread 0x000002bf6bb88090 Thread added: 0x000002bfbf11a770
Event: 74.945 Thread 0x000002bfbf11a770 Thread added: 0x000002bfbf1170f0
Event: 77.570 Thread 0x000002bfbf1170f0 Thread exited: 0x000002bfbf1170f0
Event: 77.664 Thread 0x000002bfbf11a770 Thread exited: 0x000002bfbf11a770


Dynamic libraries:
0x00007ff666b50000 - 0x00007ff666b60000 	C:\Program Files\Java\jdk-22\bin\java.exe
0x00007ffdd3e40000 - 0x00007ffdd40a6000 	C:\WINDOWS\SYSTEM32\ntdll.dll
0x00007ffdd1d60000 - 0x00007ffdd1e29000 	C:\WINDOWS\System32\KERNEL32.DLL
0x00007ffdd1120000 - 0x00007ffdd14ec000 	C:\WINDOWS\System32\KERNELBASE.dll
0x00007ffdd0fd0000 - 0x00007ffdd111b000 	C:\WINDOWS\System32\ucrtbase.dll
0x00007ffdb0990000 - 0x00007ffdb09a7000 	C:\Program Files\Java\jdk-22\bin\jli.dll
0x00007ffdb27d0000 - 0x00007ffdb27eb000 	C:\Program Files\Java\jdk-22\bin\VCRUNTIME140.dll
0x00007ffdd3b40000 - 0x00007ffdd3d0a000 	C:\WINDOWS\System32\USER32.dll
0x00007ffdb55d0000 - 0x00007ffdb586a000 	C:\WINDOWS\WinSxS\amd64_microsoft.windows.common-controls_6595b64144ccf1df_6.0.26100.3912_none_3e07963ce335137e\COMCTL32.dll
0x00007ffdd1840000 - 0x00007ffdd1867000 	C:\WINDOWS\System32\win32u.dll
0x00007ffdd3d10000 - 0x00007ffdd3db9000 	C:\WINDOWS\System32\msvcrt.dll
0x00007ffdd2a10000 - 0x00007ffdd2a3b000 	C:\WINDOWS\System32\GDI32.dll
0x00007ffdd14f0000 - 0x00007ffdd1622000 	C:\WINDOWS\System32\gdi32full.dll
0x00007ffdd19d0000 - 0x00007ffdd1a73000 	C:\WINDOWS\System32\msvcp_win.dll
0x00007ffdd3dc0000 - 0x00007ffdd3df0000 	C:\WINDOWS\System32\IMM32.DLL
0x00007ffdc0570000 - 0x00007ffdc057c000 	C:\Program Files\Java\jdk-22\bin\vcruntime140_1.dll
0x00007ffd90ee0000 - 0x00007ffd90f6e000 	C:\Program Files\Java\jdk-22\bin\msvcp140.dll
0x00007ffd2fa80000 - 0x00007ffd307c9000 	C:\Program Files\Java\jdk-22\bin\server\jvm.dll
0x00007ffdd39c0000 - 0x00007ffdd3a72000 	C:\WINDOWS\System32\ADVAPI32.dll
0x00007ffdd2030000 - 0x00007ffdd20d6000 	C:\WINDOWS\System32\sechost.dll
0x00007ffdd3850000 - 0x00007ffdd3966000 	C:\WINDOWS\System32\RPCRT4.dll
0x00007ffdd2ce0000 - 0x00007ffdd2d54000 	C:\WINDOWS\System32\WS2_32.dll
0x00007ffdd0e20000 - 0x00007ffdd0e7e000 	C:\WINDOWS\SYSTEM32\POWRPROF.dll
0x00007ffdc88e0000 - 0x00007ffdc8916000 	C:\WINDOWS\SYSTEM32\WINMM.dll
0x00007ffdc23b0000 - 0x00007ffdc23bb000 	C:\WINDOWS\SYSTEM32\VERSION.dll
0x00007ffdd0e00000 - 0x00007ffdd0e14000 	C:\WINDOWS\SYSTEM32\UMPDC.dll
0x00007ffdcfd90000 - 0x00007ffdcfdaa000 	C:\WINDOWS\SYSTEM32\kernel.appcore.dll
0x00007ffdbfcc0000 - 0x00007ffdbfcca000 	C:\Program Files\Java\jdk-22\bin\jimage.dll
0x00007ffdcbcc0000 - 0x00007ffdcbf01000 	C:\WINDOWS\SYSTEM32\DBGHELP.DLL
0x00007ffdd2e10000 - 0x00007ffdd3194000 	C:\WINDOWS\System32\combase.dll
0x00007ffdd2a40000 - 0x00007ffdd2b20000 	C:\WINDOWS\System32\OLEAUT32.dll
0x00007ffdc0a40000 - 0x00007ffdc0a79000 	C:\WINDOWS\SYSTEM32\dbgcore.DLL
0x00007ffdd1870000 - 0x00007ffdd1909000 	C:\WINDOWS\System32\bcryptPrimitives.dll
0x00007ffdb12c0000 - 0x00007ffdb12cf000 	C:\Program Files\Java\jdk-22\bin\instrument.dll
0x00007ffdaf830000 - 0x00007ffdaf84e000 	C:\Program Files\Java\jdk-22\bin\java.dll
0x00007ffdd22c0000 - 0x00007ffdd29ed000 	C:\WINDOWS\System32\SHELL32.dll
0x00007ffdd1a80000 - 0x00007ffdd1bf4000 	C:\WINDOWS\System32\wintypes.dll
0x00007ffdd2b30000 - 0x00007ffdd2ccf000 	C:\WINDOWS\System32\ole32.dll
0x00007ffdcec10000 - 0x00007ffdcf466000 	C:\WINDOWS\SYSTEM32\windows.storage.dll
0x00007ffdd3750000 - 0x00007ffdd383f000 	C:\WINDOWS\System32\SHCORE.dll
0x00007ffdd1c60000 - 0x00007ffdd1cc9000 	C:\WINDOWS\System32\shlwapi.dll
0x00007ffdd0ee0000 - 0x00007ffdd0f0f000 	C:\WINDOWS\SYSTEM32\profapi.dll
0x00007ffd6ea30000 - 0x00007ffd6eb07000 	C:\Program Files\Java\jdk-22\bin\jsvml.dll
0x00007ffda5ed0000 - 0x00007ffda5ee7000 	C:\Program Files\Java\jdk-22\bin\zip.dll
0x00007ffdab060000 - 0x00007ffdab070000 	C:\Program Files\Java\jdk-22\bin\net.dll
0x00007ffdd0300000 - 0x00007ffdd036a000 	C:\WINDOWS\system32\mswsock.dll
0x00007ffd98110000 - 0x00007ffd98126000 	C:\Program Files\Java\jdk-22\bin\nio.dll
0x00007ffdcb810000 - 0x00007ffdcb820000 	C:\Program Files\Java\jdk-22\bin\verify.dll
0x00007ffdbb900000 - 0x00007ffdbb927000 	C:\Users\pc\.gradle\native\c067742578af261105cb4f569cf0c3c89f3d7b1fecec35dd04571415982c5e48\windows-amd64\native-platform.dll
0x00007ffd6f770000 - 0x00007ffd6f8b4000 	C:\Users\pc\.gradle\native\100fb08df4bc3b14c8652ba06237920a3bd2aa13389f12d3474272988ae205f9\windows-amd64\native-platform-file-events.dll
0x00007ffdcb800000 - 0x00007ffdcb80a000 	C:\Program Files\Java\jdk-22\bin\management.dll
0x00007ffdbfff0000 - 0x00007ffdbfffb000 	C:\Program Files\Java\jdk-22\bin\management_ext.dll
0x00007ffdd1d50000 - 0x00007ffdd1d58000 	C:\WINDOWS\System32\PSAPI.DLL
0x00007ffdd05a0000 - 0x00007ffdd05bc000 	C:\WINDOWS\SYSTEM32\CRYPTSP.dll
0x00007ffdcfcf0000 - 0x00007ffdcfd2a000 	C:\WINDOWS\system32\rsaenh.dll
0x00007ffdd03a0000 - 0x00007ffdd03cb000 	C:\WINDOWS\SYSTEM32\USERENV.dll
0x00007ffdd0eb0000 - 0x00007ffdd0ed6000 	C:\WINDOWS\SYSTEM32\bcrypt.dll
0x00007ffdd05c0000 - 0x00007ffdd05cc000 	C:\WINDOWS\SYSTEM32\CRYPTBASE.dll
0x00007ffdcf840000 - 0x00007ffdcf873000 	C:\WINDOWS\SYSTEM32\IPHLPAPI.DLL
0x00007ffdd3b30000 - 0x00007ffdd3b3a000 	C:\WINDOWS\System32\NSI.dll
0x00007ffdbffe0000 - 0x00007ffdbffe9000 	C:\Program Files\Java\jdk-22\bin\extnet.dll
0x00007ffdbf020000 - 0x00007ffdbf02e000 	C:\Program Files\Java\jdk-22\bin\sunmscapi.dll
0x00007ffdd16c0000 - 0x00007ffdd1837000 	C:\WINDOWS\System32\CRYPT32.dll
0x00007ffdd07b0000 - 0x00007ffdd07e0000 	C:\WINDOWS\SYSTEM32\ncrypt.dll
0x00007ffdd0760000 - 0x00007ffdd079f000 	C:\WINDOWS\SYSTEM32\NTASN1.dll
0x00007ffdc0420000 - 0x00007ffdc0428000 	C:\WINDOWS\system32\wshunix.dll
0x00007ffdbf320000 - 0x00007ffdbf338000 	C:\WINDOWS\system32\napinsp.dll
0x00007ffdcf880000 - 0x00007ffdcf9a7000 	C:\WINDOWS\SYSTEM32\DNSAPI.dll
0x00007ffdb9c40000 - 0x00007ffdb9c52000 	C:\WINDOWS\System32\winrnr.dll
0x00007ffdc2370000 - 0x00007ffdc23a0000 	C:\WINDOWS\system32\nlansp_c.dll
0x00007ffdc1690000 - 0x00007ffdc16b0000 	C:\WINDOWS\system32\wshbth.dll
0x00007ffdc2f50000 - 0x00007ffdc2f5b000 	C:\Windows\System32\rasadhlp.dll
0x00007ffdc8740000 - 0x00007ffdc87c6000 	C:\WINDOWS\System32\fwpuclnt.dll

dbghelp: loaded successfully - version: 4.0.5 - missing functions: none
symbol engine: initialized successfully - sym options: 0x614 - pdb path: .;C:\Program Files\Java\jdk-22\bin;C:\WINDOWS\SYSTEM32;C:\WINDOWS\WinSxS\amd64_microsoft.windows.common-controls_6595b64144ccf1df_6.0.26100.3912_none_3e07963ce335137e;C:\Program Files\Java\jdk-22\bin\server;C:\Users\pc\.gradle\native\c067742578af261105cb4f569cf0c3c89f3d7b1fecec35dd04571415982c5e48\windows-amd64;C:\Users\pc\.gradle\native\100fb08df4bc3b14c8652ba06237920a3bd2aa13389f12d3474272988ae205f9\windows-amd64

VM Arguments:
jvm_args: -XX:MaxMetaspaceSize=4G -XX:ReservedCodeCacheSize=512m -XX:+HeapDumpOnOutOfMemoryError --add-opens=java.base/java.util=ALL-UNNAMED --add-opens=java.base/java.lang=ALL-UNNAMED --add-opens=java.base/java.lang.invoke=ALL-UNNAMED --add-opens=java.prefs/java.util.prefs=ALL-UNNAMED --add-exports=jdk.compiler/com.sun.tools.javac.api=ALL-UNNAMED --add-exports=jdk.compiler/com.sun.tools.javac.util=ALL-UNNAMED --add-opens=java.base/java.nio.charset=ALL-UNNAMED --add-opens=java.base/java.net=ALL-UNNAMED --add-opens=java.base/java.util.concurrent.atomic=ALL-UNNAMED -Xmx8G -Dfile.encoding=utf8 -Duser.country=US -Duser.language=en -Duser.variant -javaagent:C:\Users\pc\.gradle\wrapper\dists\gradle-8.10.2-all\7iv73wktx1xtkvlq19urqw1wm\gradle-8.10.2\lib\agents\gradle-instrumentation-agent-8.10.2.jar 
java_command: org.gradle.launcher.daemon.bootstrap.GradleDaemon 8.10.2
java_class_path (initial): C:\Users\pc\.gradle\wrapper\dists\gradle-8.10.2-all\7iv73wktx1xtkvlq19urqw1wm\gradle-8.10.2\lib\gradle-daemon-main-8.10.2.jar
Launcher Type: SUN_STANDARD

[Global flags]
     intx CICompilerCount                          = 4                                         {product} {ergonomic}
     uint ConcGCThreads                            = 2                                         {product} {ergonomic}
     uint G1ConcRefinementThreads                  = 8                                         {product} {ergonomic}
   size_t G1HeapRegionSize                         = 4194304                                   {product} {ergonomic}
     bool HeapDumpOnOutOfMemoryError               = true                                   {manageable} {command line}
   size_t InitialHeapSize                          = 134217728                                 {product} {ergonomic}
   size_t MarkStackSize                            = 4194304                                   {product} {ergonomic}
   size_t MaxHeapSize                              = 8589934592                                {product} {command line}
   size_t MaxMetaspaceSize                         = 4294967296                                {product} {command line}
   size_t MaxNewSize                               = 5150605312                                {product} {ergonomic}
   size_t MinHeapDeltaBytes                        = 4194304                                   {product} {ergonomic}
   size_t MinHeapSize                              = 8388608                                   {product} {ergonomic}
    uintx NonNMethodCodeHeapSize                   = 5839372                                {pd product} {ergonomic}
    uintx NonProfiledCodeHeapSize                  = 265515770                              {pd product} {ergonomic}
    uintx ProfiledCodeHeapSize                     = 265515770                              {pd product} {ergonomic}
    uintx ReservedCodeCacheSize                    = 536870912                              {pd product} {command line}
     bool SegmentedCodeCache                       = true                                      {product} {ergonomic}
   size_t SoftMaxHeapSize                          = 8589934592                             {manageable} {ergonomic}
     bool UseCompressedOops                        = true                           {product lp64_product} {ergonomic}
     bool UseG1GC                                  = true                                      {product} {ergonomic}
     bool UseLargePagesIndividualAllocation        = false                                  {pd product} {ergonomic}

Logging:
Log output configuration:
 #0: stdout all=warning uptime,level,tags foldmultilines=false
 #1: stderr all=off uptime,level,tags foldmultilines=false

Environment Variables:
PATH=C:\Program Files\Common Files\Oracle\Java\javapath;C:\Windows\system32;C:\Windows;C:\Windows\System32\Wbem;C:\Windows\System32\WindowsPowerShell\v1.0\;C:\Windows\System32\OpenSSH\;C:\TDM-GCC-64\bin;C:\WINDOWS\system32;C:\WINDOWS;C:\WINDOWS\System32\Wbem;C:\WINDOWS\System32\WindowsPowerShell\v1.0\;C:\WINDOWS\System32\OpenSSH\;C:\MinGW\bin;C:\Program Files\Azure Data Studio\bin;C:\Program Files\nodejs\;C:\Program Files\Java\jdk-21\bin;C:\Program Files (x86)\Microsoft SQL Server\160\Tools\Binn\;C:\Program Files\Microsoft SQL Server\160\Tools\Binn\;C:\Program Files\Microsoft SQL Server\Client SDK\ODBC\170\Tools\Binn\;C:\Program Files\Microsoft SQL Server\160\DTS\Binn\;C:\Program Files (x86)\Microsoft SQL Server\160\DTS\Binn\;C:\Program Files\Git\cmd;C:\Program Files\Microsoft SQL Server\150\Tools\Binn\;C:\Program Files\Docker\Docker\resources\bin;C:\Program Files\Java\jdk-22\bin;C:\php;C:\Program Files\Redis;C:\Program Files\flutter\bin;C:\Users\pc\AppData\Local\Programs\Python\Python310\Scripts\;C:\Users\pc\AppData\Local\Programs\Python\Python310\;C:\Program Files\dotnet\;C:\Users\pc\AppData\Local\Microsoft\WindowsApps;D:\PyCharm 2023.2.1\bin;C:\Users\pc\AppData\Local\Programs\Microsoft VS Code\bin;C:\Users\pc\AppData\Roaming\npm;C:\Users\pc\.foundry\bin;C:\Users\pc\AppData\Local\Microsoft\WindowsApps;C:\Users\pc\AppData\Local\Pub\Cache\bin
USERNAME=pc
OS=Windows_NT
PROCESSOR_IDENTIFIER=Intel64 Family 6 Model 140 Stepping 1, GenuineIntel
TMP=C:\Users\pc\AppData\Local\Temp
TEMP=C:\Users\pc\AppData\Local\Temp




Periodic native trim disabled

---------------  S Y S T E M  ---------------

OS:
 Windows 11 , 64 bit Build 26100 (10.0.26100.3912)
OS uptime: 0 days 17:20 hours
Hyper-V role detected

CPU: total 8 (initial active 8) (4 cores per cpu, 2 threads per core) family 6 model 140 stepping 1 microcode 0xb6, cx8, cmov, fxsr, ht, mmx, 3dnowpref, sse, sse2, sse3, ssse3, sse4.1, sse4.2, popcnt, lzcnt, tsc, tscinvbit, avx, avx2, aes, erms, clmul, bmi1, bmi2, adx, avx512f, avx512dq, avx512cd, avx512bw, avx512vl, sha, fma, vzeroupper, avx512_vpopcntdq, avx512_vpclmulqdq, avx512_vaes, avx512_vnni, clflush, clflushopt, clwb, avx512_vbmi2, avx512_vbmi, hv, rdtscp, rdpid, fsrm, gfni, avx512_bitalg, f16c, cet_ibt, cet_ss, avx512_ifma
Processor Information for all 8 processors :
  Max Mhz: 2419, Current Mhz: 2419, Mhz Limit: 2419

Memory: 4k page, system-wide physical 7975M (612M free)
TotalPageFile size 18881M (AvailPageFile size 12M)
current process WorkingSet (physical memory assigned to process): 546M, peak: 673M
current process commit charge ("private bytes"): 697M, peak: 718M

vm_info: Java HotSpot(TM) 64-Bit Server VM (22.0.2+9-70) for windows-amd64 JRE (22.0.2+9-70), built on 2024-06-04T16:52:23Z by "mach5one" with MS VC++ 17.6 (VS2022)

END.
